#
# A fatal error has been detected by the Java Runtime Environment:
#
#  EXCEPTION_ACCESS_VIOLATION (0xc0000005) at pc=0x00007ffffd96c0a6, pid=21476, tid=1424
#
# JRE version: OpenJDK Runtime Environment Microsoft-8035250 (11.0.20+8) (build 11.0.20+8-LTS)
# Java VM: OpenJDK 64-Bit Server VM Microsoft-8035250 (11.0.20+8-LTS, mixed mode, tiered, compressed oops, g1 gc, windows-amd64)
# Problematic frame:
# C  [igxelpicd64.dll+0x15c0a6]
#
# No core dump will be written. Minidumps are not enabled by default on client versions of Windows
#
# If you would like to submit a bug report, please visit:
#   https://github.com/microsoft/openjdk/issues
#

---------------  S U M M A R Y ------------

Command Line: -javaagent:C:\Program Files\JetBrains\IntelliJ IDEA Community Edition 2023.2.4\lib\idea_rt.jar=65111:C:\Program Files\JetBrains\IntelliJ IDEA Community Edition 2023.2.4\bin -Dfile.encoding=UTF-8 Main

Host: 12th Gen Intel(R) Core(TM) i7-1255U, 12 cores, 15G,  Windows 10 , 64 bit Build 19041 (10.0.19041.3636)
Time: Wed May 29 12:51:57 2024 Paris, Madrid (heure duild 19041 (10.0.19041.3636) elapsed time: 5135.417186 seconds (0d 1h 25m 35s)

---------------  T H R E A D  ---------------

Current thread (0x0000022ff38af800):  VMThread "VM Thread" [stack: 0x000000afa3900000,0x000000afa3a00000] [id=1424]

Stack: [0x000000afa3900000,0x000000afa3a00000],  sp=0x000000afa39ff0b0,  free space=1020k
Native frames: (J=compiled Java code, j=interpreted, Vv=VM code, C=native code)
C  [igxelpicd64.dll+0x15c0a6]


siginfo: EXCEPTION_ACCESS_VIOLATION (0xc0000005), reading address 0x0000000000000018


Register to memory mapping:

RIP=0x00007ffffd96c0a6 igxelpicd64.dll
RAX=0x0 is NULL
RBX=0x0000022ff4972f30 points into unknown readable memory: 0xffffffffffffffff | ff ff ff ff ff ff ff ff
RCX=0x0 is NULL
RDX=0x0000022ff4af1c40 points into unknown readable memory: 0x0000022ff49d71c0 | c0 71 9d f4 2f 02 00 00
RSP=0x000000afa39ff0b0 points into unknown readable memory: 0x0000022fcd8bc100 | 00 c1 8b cd 2f 02 00 00
RBP=0x0000000000000004 is an unknown value
RSI=0x0000000000000001 is an unknown value
RDI=0x0000022ff4af1c40 points into unknown readable memory: 0x0000022ff49d71c0 | c0 71 9d f4 2f 02 00 00
R8 =0x0000000002625a00 is an unknown value
R9 =0x0000000000000001 is an unknown value
R10=0x0000000000008000 is an unknown value
R11=0x000000afa39feea0 points into unknown readable memory: 0x0000000000000000 | 00 00 00 00 00 00 00 00
R12=0x0 is NULL
R13=0x0000000000000014 is an unknown value
R14=0x0 is NULL
R15=0x0 is NULL


Registers:
RAX=0x0000000000000000, RBX=0x0000022ff4972f30, RCX=0x0000000000000000, RDX=0x0000022ff4af1c40
RSP=0x000000afa39ff0b0, RBP=0x0000000000000004, RSI=0x0000000000000001, RDI=0x0000022ff4af1c40
R8 =0x0000000002625a00, R9 =0x0000000000000001, R10=0x0000000000008000, R11=0x000000afa39feea0
R12=0x0000000000000000, R13=0x0000000000000014, R14=0x0000000000000000, R15=0x0000000000000000
RIP=0x00007ffffd96c0a6, EFLAGS=0x0000000000010202

Top of Stack: (sp=0x000000afa39ff0b0)
0x000000afa39ff0b0:   0000022fcd8bc100 0000000000000000
0x000000afa39ff0c0:   0000000000000000 0000000000000014
0x000000afa39ff0d0:   0000000000000000 0000000000000000
0x000000afa39ff0e0:   0000000000000000 0000022ff4af1c40
0x000000afa39ff0f0:   0000000000000001 00007ffffdbab8c3
0x000000afa39ff100:   0000000000000016 0000022ff4972f30
0x000000afa39ff110:   0000022ff4972f30 0000000000000004
0x000000afa39ff120:   0000000000000000 00007ff85a4f5dee
0x000000afa39ff130:   0000000000000001 0000000000000000
0x000000afa39ff140:   0000000000000020 0000022ff4af1c40
0x000000afa39ff150:   0000000000000010 00007ffffdbabcf3
0x000000afa39ff160:   0000022ff4972f30 0000022ff4972f30
0x000000afa39ff170:   0000000000000001 000000afa39ff200
0x000000afa39ff180:   00007ffffd810000 000000afa30ff510
0x000000afa39ff190:   00007ffffe154970 0000000000000000
0x000000afa39ff1a0:   0000000000000001 00007ffffda303af 

Instructions: (pc=0x00007ffffd96c0a6)
0x00007ffffd96bfa6:   00 48 8b 0b 48 81 c1 50 01 00 00 48 8b d7 e8 ef
0x00007ffffd96bfb6:   3d ad 00 80 bf ea 63 03 00 00 74 2b 48 8b 0b 48
0x00007ffffd96bfc6:   81 c1 00 03 00 00 44 8b 87 e8 81 04 00 48 8b d6
0x00007ffffd96bfd6:   e8 35 0d 0e 00 48 8b 0b 48 81 c1 98 02 00 00 48
0x00007ffffd96bfe6:   8b d7 e8 bb 3d ad 00 48 8b 3b 83 3f 00 75 1a 48
0x00007ffffd96bff6:   85 ff 74 15 48 8b cf e8 6a 3d ad 00 ba 28 05 00
0x00007ffffd96c006:   00 48 8b cf e8 49 8a 7e 00 48 83 23 00 48 8d 4c
0x00007ffffd96c016:   24 20 e8 87 cf eb ff 48 8b 5c 24 50 48 8b 74 24
0x00007ffffd96c026:   58 48 83 c4 40 5f c3 48 8d 8a 20 00 00 00 e9 6b
0x00007ffffd96c036:   cf eb ff cc cc cc cc cc cc cc 48 89 5c 24 10 57
0x00007ffffd96c046:   48 83 ec 40 48 8b d9 48 8d 4c 24 20 e8 75 ce eb
0x00007ffffd96c056:   ff 48 8b 03 48 8b 00 48 89 44 24 50 80 78 19 00
0x00007ffffd96c066:   0f 84 fd c8 a7 00 48 8d 4c 24 20 e8 2e cf eb ff
0x00007ffffd96c076:   48 8b 5c 24 58 48 83 c4 40 5f c3 cc cc cc cc cc
0x00007ffffd96c086:   cc cc cc cc cc cc cc cc cc cc 48 89 5c 24 10 48
0x00007ffffd96c096:   89 6c 24 20 56 57 41 54 41 56 41 57 48 83 ec 20
0x00007ffffd96c0a6:   48 8b 79 18 4c 8d a2 e0 d4 02 00 48 8b ea 48 8b
0x00007ffffd96c0b6:   d9 48 85 ff 0f 84 f8 00 00 00 48 8b 4f 10 48 8b
0x00007ffffd96c0c6:   47 08 48 85 c9 74 06 48 89 41 08 eb 04 48 89 43
0x00007ffffd96c0d6:   10 48 8b 4f 08 48 85 c9 74 08 48 8b 47 10 48 89
0x00007ffffd96c0e6:   41 10 4c 8b 77 18 48 8d 54 24 60 48 83 67 18 00
0x00007ffffd96c0f6:   4c 8b c7 48 83 67 20 00 48 8b cb 48 83 67 08 00
0x00007ffffd96c106:   48 83 67 10 00 e8 7c cb eb ff 48 8b 54 24 60 48
0x00007ffffd96c116:   3b 13 74 15 48 8b cb e8 9e 45 ac 00 ba 30 00 00
0x00007ffffd96c126:   00 48 8b c8 e8 29 89 7e 00 4d 8b 3c 24 48 8b 17
0x00007ffffd96c136:   49 83 c7 08 49 8b cf e8 ce e0 ff ff 48 8b 17 49
0x00007ffffd96c146:   8b cf 48 8b f0 e8 00 e0 ff ff 84 c0 74 16 48 8b
0x00007ffffd96c156:   17 49 8b cf e8 51 e0 ff ff 48 8b d5 48 8b c8 e8
0x00007ffffd96c166:   9e c7 eb ff 80 7e 28 00 74 13 48 8b 8e 20 06 00
0x00007ffffd96c176:   00 48 8b d5 48 8b 49 40 e8 51 1d f1 ff 83 c8 ff
0x00007ffffd96c186:   f0 0f c1 46 18 83 f8 01 75 0b 48 8b d6 48 8b cd
0x00007ffffd96c196:   e8 11 7c ff ff 83 43 20 fe ba 28 00 00 00 48 8b 


Stack slot to memory mapping:
stack at sp + 0 slots: 0x0000022fcd8bc100 points into unknown readable memory: 0x0000000000000000 | 00 00 00 00 00 00 00 00
stack at sp + 1 slots: 0x0 is NULL
stack at sp + 2 slots: 0x0 is NULL
stack at sp + 3 slots: 0x0000000000000014 is an unknown value
stack at sp + 4 slots: 0x0 is NULL
stack at sp + 5 slots: 0x0 is NULL
stack at sp + 6 slots: 0x0 is NULL
stack at sp + 7 slots: 0x0000022ff4af1c40 points into unknown readable memory: 0x0000022ff49d71c0 | c0 71 9d f4 2f 02 00 00

VM_Operation (0x000000afa30ff510): Exit, mode: safepoint, requested by thread 0x0000022ff4dc0800


---------------  P R O C E S S  ---------------

Threads class SMR info:
_java_thread_list=0x000002304fa41410, length=13, elements={
0x0000022ff38b1000, 0x0000022ff38b2000, 0x0000022ff41b6800, 0x0000022ff41b8800,
0x0000022ff41bd000, 0x0000022ff41be000, 0x0000022ff41bf800, 0x0000022ff432d800,
0x0000022ff4462000, 0x0000022ff47f9800, 0x0000022fcf8f2000, 0x0000022ff6400000,
0x0000022ff4dc0800
}

Java Threads: ( => current thread )
  0x0000022ff38b1000 JavaThread "Reference Handler" daemon [_thread_blocked, id=2904, stack(0x000000afa3a00000,0x000000afa3b00000)]
  0x0000022ff38b2000 JavaThread "Finalizer" daemon [_thread_blocked, id=19316, stack(0x000000afa3b00000,0x000000afa3c00000)]
  0x0000022ff41b6800 JavaThread "Attach Listener" daemon [_thread_blocked, id=18156, stack(0x000000afa3d00000,0x000000afa3e00000)]
  0x0000022ff41b8800 JavaThread "Service Thread" daemon [_thread_blocked, id=12860, stack(0x000000afa3e00000,0x000000afa3f00000)]
  0x0000022ff41bd000 JavaThread "C2 CompilerThread0" daemon [_thread_blocked, id=19616, stack(0x000000afa3f00000,0x000000afa4000000)]
  0x0000022ff41be000 JavaThread "C1 CompilerThread0" daemon [_thread_blocked, id=23780, stack(0x000000afa4000000,0x000000afa4100000)]
  0x0000022ff41bf800 JavaThread "Sweeper thread" daemon [_thread_blocked, id=23828, stack(0x000000afa4100000,0x000000afa4200000)]
  0x0000022ff432d800 JavaThread "Common-Cleaner" daemon [_thread_blocked, id=1108, stack(0x000000afa4200000,0x000000afa4300000)]
  0x0000022ff4462000 JavaThread "Monitor Ctrl-Break" daemon [_thread_in_native, id=28928, stack(0x000000afa4400000,0x000000afa4500000)]
  0x0000022ff47f9800 JavaThread "LWJGL Application" [_thread_in_native, id=30180, stack(0x000000afa4300000,0x000000afa4400000)]
  0x0000022fcf8f2000 JavaThread "DestroyJavaVM" [_thread_blocked, id=13592, stack(0x000000afa3300000,0x000000afa3400000)]
  0x0000022ff6400000 JavaThread "LWJGL Timer" daemon [_thread_blocked, id=11464, stack(0x000000afa5600000,0x000000afa5700000)]
  0x0000022ff4dc0800 JavaThread "SIGINT handler" daemon [_thread_blocked, id=35132, stack(0x000000afa3000000,0x000000afa3100000)]

Other Threads:
=>0x0000022ff38af800 VMThread "VM Thread" [stack: 0x000000afa3900000,0x000000afa3a00000] [id=1424]
  0x0000022fcf909800 GCTaskThread "GC Thread#0" [stack: 0x000000afa3400000,0x000000afa3500000] [id=29604]
  0x0000022ff6358800 GCTaskThread "GC Thread#1" [stack: 0x000000afa5100000,0x000000afa5200000] [id=8588]
  0x0000022ff635b800 GCTaskThread "GC Thread#2" [stack: 0x000000afa5200000,0x000000afa5300000] [id=18940]
  0x0000022ff635e000 GCTaskThread "GC Thread#3" [stack: 0x000000afa5300000,0x000000afa5400000] [id=23908]
  0x0000022ff635e800 GCTaskThread "GC Thread#4" [stack: 0x000000afa5400000,0x000000afa5500000] [id=7796]
  0x0000022ff6363800 GCTaskThread "GC Thread#5" [stack: 0x000000afa5500000,0x000000afa5600000] [id=30092]
  0x0000022fcf969000 ConcurrentGCThread "G1 Main Marker" [stack: 0x000000afa3500000,0x000000afa3600000] [id=7972]
  0x0000022fcf96a800 ConcurrentGCThread "G1 Conc#0" [stack: 0x000000afa3600000,0x000000afa3700000] [id=3480]
  0x0000022ff3795000 ConcurrentGCThread "G1 Refine#0" [stack: 0x000000afa3700000,0x000000afa3800000] [id=24200]
  0x0000022ff3796000 ConcurrentGCThread "G1 Young RemSet Sampling" [stack: 0x000000afa3800000,0x000000afa3900000] [id=952]

Threads with active compile tasks:

VM state:at safepoint (shutting down)

VM Mutex/Monitor currently owned by a thread:  ([mutex/lock_event])
[0x0000022fcf8ed4f0] Threads_lock - owner thread: 0x0000022ff38af800

Heap address: 0x0000000704800000, size: 4024 MB, Compressed Oops mode: Zero based, Oop shift amount: 3
Narrow klass base: 0x0000000800000000, Narrow klass shift: 0
Compressed class space size: 1073741824 Address: 0x0000000800000000

Heap:
 garbage-first heap   total 258048K, used 53969K [0x0000000704800000, 0x0000000800000000)
  region size 1024K, 24 young (24576K), 12 survivors (12288K)
 Metaspace       used 17254K, capacity 17499K, committed 17664K, reserved 1064960K
  class space    used 1648K, capacity 1729K, committed 1792K, reserved 1048576K
Heap Regions: E=young(eden), S=young(survivor), O=old, HS=humongous(starts), HC=humongous(continues), CS=collection set, F=free, A=archive, TAMS=top-at-mark-start (previous, next)
|   0|0x0000000704800000, 0x00000007048ffff8, 0x0000000704900000| 99%| O|  |TAMS 0x0000000704800000, 0x0000000704800000| Untracked 
|   1|0x0000000704900000, 0x0000000704a00000, 0x0000000704a00000|100%| O|  |TAMS 0x0000000704900000, 0x0000000704900000| Untracked 
|   2|0x0000000704a00000, 0x0000000704b00000, 0x0000000704b00000|100%| O|  |TAMS 0x0000000704a00000, 0x0000000704a00000| Untracked 
|   3|0x0000000704b00000, 0x0000000704c00000, 0x0000000704c00000|100%| O|  |TAMS 0x0000000704b00000, 0x0000000704b00000| Untracked 
|   4|0x0000000704c00000, 0x0000000704d00000, 0x0000000704d00000|100%| O|  |TAMS 0x0000000704c00000, 0x0000000704c00000| Untracked 
|   5|0x0000000704d00000, 0x0000000704e00000, 0x0000000704e00000|100%| O|  |TAMS 0x0000000704d00000, 0x0000000704d00000| Untracked 
|   6|0x0000000704e00000, 0x0000000704f00000, 0x0000000704f00000|100%| O|  |TAMS 0x0000000704e00000, 0x0000000704e00000| Untracked 
|   7|0x0000000704f00000, 0x0000000705000000, 0x0000000705000000|100%| O|  |TAMS 0x0000000704f00000, 0x0000000704f00000| Untracked 
|   8|0x0000000705000000, 0x0000000705100000, 0x0000000705100000|100%| O|  |TAMS 0x0000000705000000, 0x0000000705000000| Untracked 
|   9|0x0000000705100000, 0x0000000705200000, 0x0000000705200000|100%|HS|  |TAMS 0x0000000705100000, 0x0000000705100000| Complete 
|  10|0x0000000705200000, 0x0000000705300000, 0x0000000705300000|100%| O|  |TAMS 0x0000000705200000, 0x0000000705200000| Untracked 
|  11|0x0000000705300000, 0x0000000705400000, 0x0000000705400000|100%| O|  |TAMS 0x0000000705300000, 0x0000000705300000| Untracked 
|  12|0x0000000705400000, 0x0000000705500000, 0x0000000705500000|100%| O|  |TAMS 0x0000000705400000, 0x0000000705400000| Untracked 
|  13|0x0000000705500000, 0x0000000705600000, 0x0000000705600000|100%| O|  |TAMS 0x0000000705500000, 0x0000000705500000| Untracked 
|  14|0x0000000705600000, 0x0000000705700000, 0x0000000705700000|100%| O|  |TAMS 0x0000000705600000, 0x0000000705600000| Untracked 
|  15|0x0000000705700000, 0x0000000705800000, 0x0000000705800000|100%| O|  |TAMS 0x0000000705700000, 0x0000000705700000| Untracked 
|  16|0x0000000705800000, 0x0000000705900000, 0x0000000705900000|100%| O|  |TAMS 0x0000000705800000, 0x0000000705800000| Untracked 
|  17|0x0000000705900000, 0x0000000705a00000, 0x0000000705a00000|100%| O|  |TAMS 0x0000000705900000, 0x0000000705900000| Untracked 
|  18|0x0000000705a00000, 0x0000000705b00000, 0x0000000705b00000|100%| O|  |TAMS 0x0000000705a00000, 0x0000000705a00000| Untracked 
|  19|0x0000000705b00000, 0x0000000705c00000, 0x0000000705c00000|100%| O|  |TAMS 0x0000000705b00000, 0x0000000705b00000| Untracked 
|  20|0x0000000705c00000, 0x0000000705d00000, 0x0000000705d00000|100%| O|  |TAMS 0x0000000705c00000, 0x0000000705c00000| Untracked 
|  21|0x0000000705d00000, 0x0000000705e00000, 0x0000000705e00000|100%|HS|  |TAMS 0x0000000705d00000, 0x0000000705d00000| Complete 
|  22|0x0000000705e00000, 0x0000000705f00000, 0x0000000705f00000|100%|HC|  |TAMS 0x0000000705e00000, 0x0000000705e00000| Complete 
|  23|0x0000000705f00000, 0x0000000706000000, 0x0000000706000000|100%| O|  |TAMS 0x0000000705f00000, 0x0000000705f00000| Untracked 
|  24|0x0000000706000000, 0x0000000706100000, 0x0000000706100000|100%| O|  |TAMS 0x0000000706000000, 0x0000000706000000| Untracked 
|  25|0x0000000706100000, 0x0000000706200000, 0x0000000706200000|100%| O|  |TAMS 0x0000000706100000, 0x0000000706100000| Untracked 
|  26|0x0000000706200000, 0x0000000706300000, 0x0000000706300000|100%| O|  |TAMS 0x0000000706200000, 0x0000000706200000| Untracked 
|  27|0x0000000706300000, 0x0000000706400000, 0x0000000706400000|100%| O|  |TAMS 0x0000000706300000, 0x0000000706300000| Untracked 
|  28|0x0000000706400000, 0x0000000706500000, 0x0000000706500000|100%| O|  |TAMS 0x0000000706400000, 0x0000000706400000| Untracked 
|  29|0x0000000706500000, 0x0000000706600000, 0x0000000706600000|100%| O|  |TAMS 0x0000000706500000, 0x0000000706500000| Untracked 
|  30|0x0000000706600000, 0x000000070665a000, 0x0000000706700000| 35%| O|  |TAMS 0x0000000706600000, 0x0000000706600000| Untracked 
|  31|0x0000000706700000, 0x0000000706700000, 0x0000000706800000|  0%| F|  |TAMS 0x0000000706700000, 0x0000000706700000| Untracked 
|  32|0x0000000706800000, 0x0000000706800000, 0x0000000706900000|  0%| F|  |TAMS 0x0000000706800000, 0x0000000706800000| Untracked 
|  33|0x0000000706900000, 0x0000000706900000, 0x0000000706a00000|  0%| F|  |TAMS 0x0000000706900000, 0x0000000706900000| Untracked 
|  34|0x0000000706a00000, 0x0000000706a00000, 0x0000000706b00000|  0%| F|  |TAMS 0x0000000706a00000, 0x0000000706a00000| Untracked 
|  35|0x0000000706b00000, 0x0000000706b00000, 0x0000000706c00000|  0%| F|  |TAMS 0x0000000706b00000, 0x0000000706b00000| Untracked 
|  36|0x0000000706c00000, 0x0000000706c00000, 0x0000000706d00000|  0%| F|  |TAMS 0x0000000706c00000, 0x0000000706c00000| Untracked 
|  37|0x0000000706d00000, 0x0000000706d00000, 0x0000000706e00000|  0%| F|  |TAMS 0x0000000706d00000, 0x0000000706d00000| Untracked 
|  38|0x0000000706e00000, 0x0000000706e00000, 0x0000000706f00000|  0%| F|  |TAMS 0x0000000706e00000, 0x0000000706e00000| Untracked 
|  39|0x0000000706f00000, 0x0000000706f00000, 0x0000000707000000|  0%| F|  |TAMS 0x0000000706f00000, 0x0000000706f00000| Untracked 
|  40|0x0000000707000000, 0x0000000707000000, 0x0000000707100000|  0%| F|  |TAMS 0x0000000707000000, 0x0000000707000000| Untracked 
|  41|0x0000000707100000, 0x0000000707100000, 0x0000000707200000|  0%| F|  |TAMS 0x0000000707100000, 0x0000000707100000| Untracked 
|  42|0x0000000707200000, 0x0000000707200000, 0x0000000707300000|  0%| F|  |TAMS 0x0000000707200000, 0x0000000707200000| Untracked 
|  43|0x0000000707300000, 0x0000000707300000, 0x0000000707400000|  0%| F|  |TAMS 0x0000000707300000, 0x0000000707300000| Untracked 
|  44|0x0000000707400000, 0x0000000707400000, 0x0000000707500000|  0%| F|  |TAMS 0x0000000707400000, 0x0000000707400000| Untracked 
|  45|0x0000000707500000, 0x0000000707500000, 0x0000000707600000|  0%| F|  |TAMS 0x0000000707500000, 0x0000000707500000| Untracked 
|  46|0x0000000707600000, 0x0000000707600000, 0x0000000707700000|  0%| F|  |TAMS 0x0000000707600000, 0x0000000707600000| Untracked 
|  47|0x0000000707700000, 0x0000000707700000, 0x0000000707800000|  0%| F|  |TAMS 0x0000000707700000, 0x0000000707700000| Untracked 
|  48|0x0000000707800000, 0x0000000707800000, 0x0000000707900000|  0%| F|  |TAMS 0x0000000707800000, 0x0000000707800000| Untracked 
|  49|0x0000000707900000, 0x0000000707900000, 0x0000000707a00000|  0%| F|  |TAMS 0x0000000707900000, 0x0000000707900000| Untracked 
|  50|0x0000000707a00000, 0x0000000707a00000, 0x0000000707b00000|  0%| F|  |TAMS 0x0000000707a00000, 0x0000000707a00000| Untracked 
|  51|0x0000000707b00000, 0x0000000707b00000, 0x0000000707c00000|  0%| F|  |TAMS 0x0000000707b00000, 0x0000000707b00000| Untracked 
|  52|0x0000000707c00000, 0x0000000707c00000, 0x0000000707d00000|  0%| F|  |TAMS 0x0000000707c00000, 0x0000000707c00000| Untracked 
|  53|0x0000000707d00000, 0x0000000707d00000, 0x0000000707e00000|  0%| F|  |TAMS 0x0000000707d00000, 0x0000000707d00000| Untracked 
|  54|0x0000000707e00000, 0x0000000707e00000, 0x0000000707f00000|  0%| F|  |TAMS 0x0000000707e00000, 0x0000000707e00000| Untracked 
|  55|0x0000000707f00000, 0x0000000707f00000, 0x0000000708000000|  0%| F|  |TAMS 0x0000000707f00000, 0x0000000707f00000| Untracked 
|  56|0x0000000708000000, 0x0000000708000000, 0x0000000708100000|  0%| F|  |TAMS 0x0000000708000000, 0x0000000708000000| Untracked 
|  57|0x0000000708100000, 0x0000000708100000, 0x0000000708200000|  0%| F|  |TAMS 0x0000000708100000, 0x0000000708100000| Untracked 
|  58|0x0000000708200000, 0x0000000708200000, 0x0000000708300000|  0%| F|  |TAMS 0x0000000708200000, 0x0000000708200000| Untracked 
|  59|0x0000000708300000, 0x0000000708300000, 0x0000000708400000|  0%| F|  |TAMS 0x0000000708300000, 0x0000000708300000| Untracked 
|  60|0x0000000708400000, 0x0000000708400000, 0x0000000708500000|  0%| F|  |TAMS 0x0000000708400000, 0x0000000708400000| Untracked 
|  61|0x0000000708500000, 0x0000000708500000, 0x0000000708600000|  0%| F|  |TAMS 0x0000000708500000, 0x0000000708500000| Untracked 
|  62|0x0000000708600000, 0x0000000708600000, 0x0000000708700000|  0%| F|  |TAMS 0x0000000708600000, 0x0000000708600000| Untracked 
|  63|0x0000000708700000, 0x0000000708700000, 0x0000000708800000|  0%| F|  |TAMS 0x0000000708700000, 0x0000000708700000| Untracked 
|  64|0x0000000708800000, 0x0000000708800000, 0x0000000708900000|  0%| F|  |TAMS 0x0000000708800000, 0x0000000708800000| Untracked 
|  65|0x0000000708900000, 0x0000000708900000, 0x0000000708a00000|  0%| F|  |TAMS 0x0000000708900000, 0x0000000708900000| Untracked 
|  66|0x0000000708a00000, 0x0000000708a00000, 0x0000000708b00000|  0%| F|  |TAMS 0x0000000708a00000, 0x0000000708a00000| Untracked 
|  67|0x0000000708b00000, 0x0000000708b00000, 0x0000000708c00000|  0%| F|  |TAMS 0x0000000708b00000, 0x0000000708b00000| Untracked 
|  68|0x0000000708c00000, 0x0000000708c00000, 0x0000000708d00000|  0%| F|  |TAMS 0x0000000708c00000, 0x0000000708c00000| Untracked 
|  69|0x0000000708d00000, 0x0000000708d00000, 0x0000000708e00000|  0%| F|  |TAMS 0x0000000708d00000, 0x0000000708d00000| Untracked 
|  70|0x0000000708e00000, 0x0000000708e00000, 0x0000000708f00000|  0%| F|  |TAMS 0x0000000708e00000, 0x0000000708e00000| Untracked 
|  71|0x0000000708f00000, 0x0000000708f00000, 0x0000000709000000|  0%| F|  |TAMS 0x0000000708f00000, 0x0000000708f00000| Untracked 
|  72|0x0000000709000000, 0x0000000709000000, 0x0000000709100000|  0%| F|  |TAMS 0x0000000709000000, 0x0000000709000000| Untracked 
|  73|0x0000000709100000, 0x0000000709100000, 0x0000000709200000|  0%| F|  |TAMS 0x0000000709100000, 0x0000000709100000| Untracked 
|  74|0x0000000709200000, 0x0000000709200000, 0x0000000709300000|  0%| F|  |TAMS 0x0000000709200000, 0x0000000709200000| Untracked 
|  75|0x0000000709300000, 0x0000000709300000, 0x0000000709400000|  0%| F|  |TAMS 0x0000000709300000, 0x0000000709300000| Untracked 
|  76|0x0000000709400000, 0x0000000709400000, 0x0000000709500000|  0%| F|  |TAMS 0x0000000709400000, 0x0000000709400000| Untracked 
|  77|0x0000000709500000, 0x0000000709500000, 0x0000000709600000|  0%| F|  |TAMS 0x0000000709500000, 0x0000000709500000| Untracked 
|  78|0x0000000709600000, 0x0000000709600000, 0x0000000709700000|  0%| F|  |TAMS 0x0000000709600000, 0x0000000709600000| Untracked 
|  79|0x0000000709700000, 0x0000000709700000, 0x0000000709800000|  0%| F|  |TAMS 0x0000000709700000, 0x0000000709700000| Untracked 
|  80|0x0000000709800000, 0x0000000709800000, 0x0000000709900000|  0%| F|  |TAMS 0x0000000709800000, 0x0000000709800000| Untracked 
|  81|0x0000000709900000, 0x0000000709900000, 0x0000000709a00000|  0%| F|  |TAMS 0x0000000709900000, 0x0000000709900000| Untracked 
|  82|0x0000000709a00000, 0x0000000709a00000, 0x0000000709b00000|  0%| F|  |TAMS 0x0000000709a00000, 0x0000000709a00000| Untracked 
|  83|0x0000000709b00000, 0x0000000709b00000, 0x0000000709c00000|  0%| F|  |TAMS 0x0000000709b00000, 0x0000000709b00000| Untracked 
|  84|0x0000000709c00000, 0x0000000709c00000, 0x0000000709d00000|  0%| F|  |TAMS 0x0000000709c00000, 0x0000000709c00000| Untracked 
|  85|0x0000000709d00000, 0x0000000709d00000, 0x0000000709e00000|  0%| F|  |TAMS 0x0000000709d00000, 0x0000000709d00000| Untracked 
|  86|0x0000000709e00000, 0x0000000709e00000, 0x0000000709f00000|  0%| F|  |TAMS 0x0000000709e00000, 0x0000000709e00000| Untracked 
|  87|0x0000000709f00000, 0x0000000709f00000, 0x000000070a000000|  0%| F|  |TAMS 0x0000000709f00000, 0x0000000709f00000| Untracked 
|  88|0x000000070a000000, 0x000000070a000000, 0x000000070a100000|  0%| F|  |TAMS 0x000000070a000000, 0x000000070a000000| Untracked 
|  89|0x000000070a100000, 0x000000070a100000, 0x000000070a200000|  0%| F|  |TAMS 0x000000070a100000, 0x000000070a100000| Untracked 
|  90|0x000000070a200000, 0x000000070a200000, 0x000000070a300000|  0%| F|  |TAMS 0x000000070a200000, 0x000000070a200000| Untracked 
|  91|0x000000070a300000, 0x000000070a300000, 0x000000070a400000|  0%| F|  |TAMS 0x000000070a300000, 0x000000070a300000| Untracked 
|  92|0x000000070a400000, 0x000000070a400000, 0x000000070a500000|  0%| F|  |TAMS 0x000000070a400000, 0x000000070a400000| Untracked 
|  93|0x000000070a500000, 0x000000070a500000, 0x000000070a600000|  0%| F|  |TAMS 0x000000070a500000, 0x000000070a500000| Untracked 
|  94|0x000000070a600000, 0x000000070a600000, 0x000000070a700000|  0%| F|  |TAMS 0x000000070a600000, 0x000000070a600000| Untracked 
|  95|0x000000070a700000, 0x000000070a75a640, 0x000000070a800000| 35%| S|CS|TAMS 0x000000070a700000, 0x000000070a700000| Complete 
|  96|0x000000070a800000, 0x000000070a900000, 0x000000070a900000|100%| S|CS|TAMS 0x000000070a800000, 0x000000070a800000| Complete 
|  97|0x000000070a900000, 0x000000070aa00000, 0x000000070aa00000|100%| S|CS|TAMS 0x000000070a900000, 0x000000070a900000| Complete 
|  98|0x000000070aa00000, 0x000000070ab00000, 0x000000070ab00000|100%| S|CS|TAMS 0x000000070aa00000, 0x000000070aa00000| Complete 
|  99|0x000000070ab00000, 0x000000070ac00000, 0x000000070ac00000|100%| S|CS|TAMS 0x000000070ab00000, 0x000000070ab00000| Complete 
| 100|0x000000070ac00000, 0x000000070ad00000, 0x000000070ad00000|100%| S|CS|TAMS 0x000000070ac00000, 0x000000070ac00000| Complete 
| 101|0x000000070ad00000, 0x000000070ad00000, 0x000000070ae00000|  0%| F|  |TAMS 0x000000070ad00000, 0x000000070ad00000| Untracked 
| 102|0x000000070ae00000, 0x000000070ae00000, 0x000000070af00000|  0%| F|  |TAMS 0x000000070ae00000, 0x000000070ae00000| Untracked 
| 103|0x000000070af00000, 0x000000070af00000, 0x000000070b000000|  0%| F|  |TAMS 0x000000070af00000, 0x000000070af00000| Untracked 
| 104|0x000000070b000000, 0x000000070b000000, 0x000000070b100000|  0%| F|  |TAMS 0x000000070b000000, 0x000000070b000000| Untracked 
| 105|0x000000070b100000, 0x000000070b100000, 0x000000070b200000|  0%| F|  |TAMS 0x000000070b100000, 0x000000070b100000| Untracked 
| 106|0x000000070b200000, 0x000000070b200000, 0x000000070b300000|  0%| F|  |TAMS 0x000000070b200000, 0x000000070b200000| Untracked 
| 107|0x000000070b300000, 0x000000070b400000, 0x000000070b400000|100%| S|CS|TAMS 0x000000070b300000, 0x000000070b300000| Complete 
| 108|0x000000070b400000, 0x000000070b500000, 0x000000070b500000|100%| S|CS|TAMS 0x000000070b400000, 0x000000070b400000| Complete 
| 109|0x000000070b500000, 0x000000070b600000, 0x000000070b600000|100%| S|CS|TAMS 0x000000070b500000, 0x000000070b500000| Complete 
| 110|0x000000070b600000, 0x000000070b700000, 0x000000070b700000|100%| S|CS|TAMS 0x000000070b600000, 0x000000070b600000| Complete 
| 111|0x000000070b700000, 0x000000070b800000, 0x000000070b800000|100%| S|CS|TAMS 0x000000070b700000, 0x000000070b700000| Complete 
| 112|0x000000070b800000, 0x000000070b900000, 0x000000070b900000|100%| S|CS|TAMS 0x000000070b800000, 0x000000070b800000| Complete 
| 113|0x000000070b900000, 0x000000070b900000, 0x000000070ba00000|  0%| F|  |TAMS 0x000000070b900000, 0x000000070b900000| Untracked 
| 114|0x000000070ba00000, 0x000000070ba00000, 0x000000070bb00000|  0%| F|  |TAMS 0x000000070ba00000, 0x000000070ba00000| Untracked 
| 115|0x000000070bb00000, 0x000000070bb00000, 0x000000070bc00000|  0%| F|  |TAMS 0x000000070bb00000, 0x000000070bb00000| Untracked 
| 116|0x000000070bc00000, 0x000000070bc00000, 0x000000070bd00000|  0%| F|  |TAMS 0x000000070bc00000, 0x000000070bc00000| Untracked 
| 117|0x000000070bd00000, 0x000000070bd00000, 0x000000070be00000|  0%| F|  |TAMS 0x000000070bd00000, 0x000000070bd00000| Untracked 
| 118|0x000000070be00000, 0x000000070be00000, 0x000000070bf00000|  0%| F|  |TAMS 0x000000070be00000, 0x000000070be00000| Untracked 
| 119|0x000000070bf00000, 0x000000070bf00000, 0x000000070c000000|  0%| F|  |TAMS 0x000000070bf00000, 0x000000070bf00000| Untracked 
| 120|0x000000070c000000, 0x000000070c000000, 0x000000070c100000|  0%| F|  |TAMS 0x000000070c000000, 0x000000070c000000| Untracked 
| 121|0x000000070c100000, 0x000000070c100000, 0x000000070c200000|  0%| F|  |TAMS 0x000000070c100000, 0x000000070c100000| Untracked 
| 122|0x000000070c200000, 0x000000070c200000, 0x000000070c300000|  0%| F|  |TAMS 0x000000070c200000, 0x000000070c200000| Untracked 
| 123|0x000000070c300000, 0x000000070c300000, 0x000000070c400000|  0%| F|  |TAMS 0x000000070c300000, 0x000000070c300000| Untracked 
| 124|0x000000070c400000, 0x000000070c400000, 0x000000070c500000|  0%| F|  |TAMS 0x000000070c400000, 0x000000070c400000| Untracked 
| 125|0x000000070c500000, 0x000000070c500000, 0x000000070c600000|  0%| F|  |TAMS 0x000000070c500000, 0x000000070c500000| Untracked 
| 126|0x000000070c600000, 0x000000070c600000, 0x000000070c700000|  0%| F|  |TAMS 0x000000070c600000, 0x000000070c600000| Untracked 
| 127|0x000000070c700000, 0x000000070c700000, 0x000000070c800000|  0%| F|  |TAMS 0x000000070c700000, 0x000000070c700000| Untracked 
| 128|0x000000070c800000, 0x000000070c800000, 0x000000070c900000|  0%| F|  |TAMS 0x000000070c800000, 0x000000070c800000| Untracked 
| 129|0x000000070c900000, 0x000000070c900000, 0x000000070ca00000|  0%| F|  |TAMS 0x000000070c900000, 0x000000070c900000| Untracked 
| 130|0x000000070ca00000, 0x000000070ca00000, 0x000000070cb00000|  0%| F|  |TAMS 0x000000070ca00000, 0x000000070ca00000| Untracked 
| 131|0x000000070cb00000, 0x000000070cb00000, 0x000000070cc00000|  0%| F|  |TAMS 0x000000070cb00000, 0x000000070cb00000| Untracked 
| 132|0x000000070cc00000, 0x000000070cc00000, 0x000000070cd00000|  0%| F|  |TAMS 0x000000070cc00000, 0x000000070cc00000| Untracked 
| 133|0x000000070cd00000, 0x000000070cd00000, 0x000000070ce00000|  0%| F|  |TAMS 0x000000070cd00000, 0x000000070cd00000| Untracked 
| 134|0x000000070ce00000, 0x000000070ce00000, 0x000000070cf00000|  0%| F|  |TAMS 0x000000070ce00000, 0x000000070ce00000| Untracked 
| 135|0x000000070cf00000, 0x000000070cf00000, 0x000000070d000000|  0%| F|  |TAMS 0x000000070cf00000, 0x000000070cf00000| Untracked 
| 136|0x000000070d000000, 0x000000070d000000, 0x000000070d100000|  0%| F|  |TAMS 0x000000070d000000, 0x000000070d000000| Untracked 
| 137|0x000000070d100000, 0x000000070d100000, 0x000000070d200000|  0%| F|  |TAMS 0x000000070d100000, 0x000000070d100000| Untracked 
| 138|0x000000070d200000, 0x000000070d200000, 0x000000070d300000|  0%| F|  |TAMS 0x000000070d200000, 0x000000070d200000| Untracked 
| 139|0x000000070d300000, 0x000000070d300000, 0x000000070d400000|  0%| F|  |TAMS 0x000000070d300000, 0x000000070d300000| Untracked 
| 140|0x000000070d400000, 0x000000070d400000, 0x000000070d500000|  0%| F|  |TAMS 0x000000070d400000, 0x000000070d400000| Untracked 
| 141|0x000000070d500000, 0x000000070d500000, 0x000000070d600000|  0%| F|  |TAMS 0x000000070d500000, 0x000000070d500000| Untracked 
| 142|0x000000070d600000, 0x000000070d600000, 0x000000070d700000|  0%| F|  |TAMS 0x000000070d600000, 0x000000070d600000| Untracked 
| 143|0x000000070d700000, 0x000000070d700000, 0x000000070d800000|  0%| F|  |TAMS 0x000000070d700000, 0x000000070d700000| Untracked 
| 144|0x000000070d800000, 0x000000070d800000, 0x000000070d900000|  0%| F|  |TAMS 0x000000070d800000, 0x000000070d800000| Untracked 
| 145|0x000000070d900000, 0x000000070d900000, 0x000000070da00000|  0%| F|  |TAMS 0x000000070d900000, 0x000000070d900000| Untracked 
| 146|0x000000070da00000, 0x000000070da00000, 0x000000070db00000|  0%| F|  |TAMS 0x000000070da00000, 0x000000070da00000| Untracked 
| 147|0x000000070db00000, 0x000000070db00000, 0x000000070dc00000|  0%| F|  |TAMS 0x000000070db00000, 0x000000070db00000| Untracked 
| 148|0x000000070dc00000, 0x000000070dc00000, 0x000000070dd00000|  0%| F|  |TAMS 0x000000070dc00000, 0x000000070dc00000| Untracked 
| 149|0x000000070dd00000, 0x000000070dd00000, 0x000000070de00000|  0%| F|  |TAMS 0x000000070dd00000, 0x000000070dd00000| Untracked 
| 150|0x000000070de00000, 0x000000070de00000, 0x000000070df00000|  0%| F|  |TAMS 0x000000070de00000, 0x000000070de00000| Untracked 
| 151|0x000000070df00000, 0x000000070df00000, 0x000000070e000000|  0%| F|  |TAMS 0x000000070df00000, 0x000000070df00000| Untracked 
| 152|0x000000070e000000, 0x000000070e000000, 0x000000070e100000|  0%| F|  |TAMS 0x000000070e000000, 0x000000070e000000| Untracked 
| 153|0x000000070e100000, 0x000000070e100000, 0x000000070e200000|  0%| F|  |TAMS 0x000000070e100000, 0x000000070e100000| Untracked 
| 154|0x000000070e200000, 0x000000070e200000, 0x000000070e300000|  0%| F|  |TAMS 0x000000070e200000, 0x000000070e200000| Untracked 
| 155|0x000000070e300000, 0x000000070e300000, 0x000000070e400000|  0%| F|  |TAMS 0x000000070e300000, 0x000000070e300000| Untracked 
| 156|0x000000070e400000, 0x000000070e400000, 0x000000070e500000|  0%| F|  |TAMS 0x000000070e400000, 0x000000070e400000| Untracked 
| 157|0x000000070e500000, 0x000000070e500000, 0x000000070e600000|  0%| F|  |TAMS 0x000000070e500000, 0x000000070e500000| Untracked 
| 158|0x000000070e600000, 0x000000070e600000, 0x000000070e700000|  0%| F|  |TAMS 0x000000070e600000, 0x000000070e600000| Untracked 
| 159|0x000000070e700000, 0x000000070e700000, 0x000000070e800000|  0%| F|  |TAMS 0x000000070e700000, 0x000000070e700000| Untracked 
| 160|0x000000070e800000, 0x000000070e800000, 0x000000070e900000|  0%| F|  |TAMS 0x000000070e800000, 0x000000070e800000| Untracked 
| 161|0x000000070e900000, 0x000000070e900000, 0x000000070ea00000|  0%| F|  |TAMS 0x000000070e900000, 0x000000070e900000| Untracked 
| 162|0x000000070ea00000, 0x000000070ea00000, 0x000000070eb00000|  0%| F|  |TAMS 0x000000070ea00000, 0x000000070ea00000| Untracked 
| 163|0x000000070eb00000, 0x000000070eb00000, 0x000000070ec00000|  0%| F|  |TAMS 0x000000070eb00000, 0x000000070eb00000| Untracked 
| 164|0x000000070ec00000, 0x000000070ec00000, 0x000000070ed00000|  0%| F|  |TAMS 0x000000070ec00000, 0x000000070ec00000| Untracked 
| 165|0x000000070ed00000, 0x000000070ed00000, 0x000000070ee00000|  0%| F|  |TAMS 0x000000070ed00000, 0x000000070ed00000| Untracked 
| 166|0x000000070ee00000, 0x000000070ee00000, 0x000000070ef00000|  0%| F|  |TAMS 0x000000070ee00000, 0x000000070ee00000| Untracked 
| 167|0x000000070ef00000, 0x000000070ef00000, 0x000000070f000000|  0%| F|  |TAMS 0x000000070ef00000, 0x000000070ef00000| Untracked 
| 168|0x000000070f000000, 0x000000070f000000, 0x000000070f100000|  0%| F|  |TAMS 0x000000070f000000, 0x000000070f000000| Untracked 
| 169|0x000000070f100000, 0x000000070f100000, 0x000000070f200000|  0%| F|  |TAMS 0x000000070f100000, 0x000000070f100000| Untracked 
| 170|0x000000070f200000, 0x000000070f200000, 0x000000070f300000|  0%| F|  |TAMS 0x000000070f200000, 0x000000070f200000| Untracked 
| 171|0x000000070f300000, 0x000000070f300000, 0x000000070f400000|  0%| F|  |TAMS 0x000000070f300000, 0x000000070f300000| Untracked 
| 172|0x000000070f400000, 0x000000070f400000, 0x000000070f500000|  0%| F|  |TAMS 0x000000070f400000, 0x000000070f400000| Untracked 
| 173|0x000000070f500000, 0x000000070f500000, 0x000000070f600000|  0%| F|  |TAMS 0x000000070f500000, 0x000000070f500000| Untracked 
| 174|0x000000070f600000, 0x000000070f600000, 0x000000070f700000|  0%| F|  |TAMS 0x000000070f600000, 0x000000070f600000| Untracked 
| 175|0x000000070f700000, 0x000000070f700000, 0x000000070f800000|  0%| F|  |TAMS 0x000000070f700000, 0x000000070f700000| Untracked 
| 176|0x000000070f800000, 0x000000070f800000, 0x000000070f900000|  0%| F|  |TAMS 0x000000070f800000, 0x000000070f800000| Untracked 
| 177|0x000000070f900000, 0x000000070f900000, 0x000000070fa00000|  0%| F|  |TAMS 0x000000070f900000, 0x000000070f900000| Untracked 
| 178|0x000000070fa00000, 0x000000070fa00000, 0x000000070fb00000|  0%| F|  |TAMS 0x000000070fa00000, 0x000000070fa00000| Untracked 
| 179|0x000000070fb00000, 0x000000070fb00000, 0x000000070fc00000|  0%| F|  |TAMS 0x000000070fb00000, 0x000000070fb00000| Untracked 
| 180|0x000000070fc00000, 0x000000070fc00000, 0x000000070fd00000|  0%| F|  |TAMS 0x000000070fc00000, 0x000000070fc00000| Untracked 
| 181|0x000000070fd00000, 0x000000070fd00000, 0x000000070fe00000|  0%| F|  |TAMS 0x000000070fd00000, 0x000000070fd00000| Untracked 
| 182|0x000000070fe00000, 0x000000070fe00000, 0x000000070ff00000|  0%| F|  |TAMS 0x000000070fe00000, 0x000000070fe00000| Untracked 
| 183|0x000000070ff00000, 0x000000070ff00000, 0x0000000710000000|  0%| F|  |TAMS 0x000000070ff00000, 0x000000070ff00000| Untracked 
| 184|0x0000000710000000, 0x0000000710000000, 0x0000000710100000|  0%| F|  |TAMS 0x0000000710000000, 0x0000000710000000| Untracked 
| 185|0x0000000710100000, 0x0000000710100000, 0x0000000710200000|  0%| F|  |TAMS 0x0000000710100000, 0x0000000710100000| Untracked 
| 186|0x0000000710200000, 0x0000000710200000, 0x0000000710300000|  0%| F|  |TAMS 0x0000000710200000, 0x0000000710200000| Untracked 
| 187|0x0000000710300000, 0x0000000710300000, 0x0000000710400000|  0%| F|  |TAMS 0x0000000710300000, 0x0000000710300000| Untracked 
| 188|0x0000000710400000, 0x0000000710400000, 0x0000000710500000|  0%| F|  |TAMS 0x0000000710400000, 0x0000000710400000| Untracked 
| 189|0x0000000710500000, 0x0000000710500000, 0x0000000710600000|  0%| F|  |TAMS 0x0000000710500000, 0x0000000710500000| Untracked 
| 190|0x0000000710600000, 0x0000000710600000, 0x0000000710700000|  0%| F|  |TAMS 0x0000000710600000, 0x0000000710600000| Untracked 
| 191|0x0000000710700000, 0x0000000710700000, 0x0000000710800000|  0%| F|  |TAMS 0x0000000710700000, 0x0000000710700000| Untracked 
| 192|0x0000000710800000, 0x0000000710800000, 0x0000000710900000|  0%| F|  |TAMS 0x0000000710800000, 0x0000000710800000| Untracked 
| 193|0x0000000710900000, 0x0000000710900000, 0x0000000710a00000|  0%| F|  |TAMS 0x0000000710900000, 0x0000000710900000| Untracked 
| 194|0x0000000710a00000, 0x0000000710a00000, 0x0000000710b00000|  0%| F|  |TAMS 0x0000000710a00000, 0x0000000710a00000| Untracked 
| 195|0x0000000710b00000, 0x0000000710b00000, 0x0000000710c00000|  0%| F|  |TAMS 0x0000000710b00000, 0x0000000710b00000| Untracked 
| 196|0x0000000710c00000, 0x0000000710c00000, 0x0000000710d00000|  0%| F|  |TAMS 0x0000000710c00000, 0x0000000710c00000| Untracked 
| 197|0x0000000710d00000, 0x0000000710d00000, 0x0000000710e00000|  0%| F|  |TAMS 0x0000000710d00000, 0x0000000710d00000| Untracked 
| 198|0x0000000710e00000, 0x0000000710e00000, 0x0000000710f00000|  0%| F|  |TAMS 0x0000000710e00000, 0x0000000710e00000| Untracked 
| 199|0x0000000710f00000, 0x0000000710f00000, 0x0000000711000000|  0%| F|  |TAMS 0x0000000710f00000, 0x0000000710f00000| Untracked 
| 200|0x0000000711000000, 0x0000000711000000, 0x0000000711100000|  0%| F|  |TAMS 0x0000000711000000, 0x0000000711000000| Untracked 
| 201|0x0000000711100000, 0x0000000711100000, 0x0000000711200000|  0%| F|  |TAMS 0x0000000711100000, 0x0000000711100000| Untracked 
| 202|0x0000000711200000, 0x0000000711200000, 0x0000000711300000|  0%| F|  |TAMS 0x0000000711200000, 0x0000000711200000| Untracked 
| 203|0x0000000711300000, 0x0000000711300000, 0x0000000711400000|  0%| F|  |TAMS 0x0000000711300000, 0x0000000711300000| Untracked 
| 204|0x0000000711400000, 0x0000000711400000, 0x0000000711500000|  0%| F|  |TAMS 0x0000000711400000, 0x0000000711400000| Untracked 
| 205|0x0000000711500000, 0x0000000711500000, 0x0000000711600000|  0%| F|  |TAMS 0x0000000711500000, 0x0000000711500000| Untracked 
| 206|0x0000000711600000, 0x0000000711600000, 0x0000000711700000|  0%| F|  |TAMS 0x0000000711600000, 0x0000000711600000| Untracked 
| 207|0x0000000711700000, 0x0000000711700000, 0x0000000711800000|  0%| F|  |TAMS 0x0000000711700000, 0x0000000711700000| Untracked 
| 208|0x0000000711800000, 0x0000000711800000, 0x0000000711900000|  0%| F|  |TAMS 0x0000000711800000, 0x0000000711800000| Untracked 
| 209|0x0000000711900000, 0x0000000711900000, 0x0000000711a00000|  0%| F|  |TAMS 0x0000000711900000, 0x0000000711900000| Untracked 
| 210|0x0000000711a00000, 0x0000000711a00000, 0x0000000711b00000|  0%| F|  |TAMS 0x0000000711a00000, 0x0000000711a00000| Untracked 
| 211|0x0000000711b00000, 0x0000000711b00000, 0x0000000711c00000|  0%| F|  |TAMS 0x0000000711b00000, 0x0000000711b00000| Untracked 
| 212|0x0000000711c00000, 0x0000000711c00000, 0x0000000711d00000|  0%| F|  |TAMS 0x0000000711c00000, 0x0000000711c00000| Untracked 
| 213|0x0000000711d00000, 0x0000000711d00000, 0x0000000711e00000|  0%| F|  |TAMS 0x0000000711d00000, 0x0000000711d00000| Untracked 
| 214|0x0000000711e00000, 0x0000000711e00000, 0x0000000711f00000|  0%| F|  |TAMS 0x0000000711e00000, 0x0000000711e00000| Untracked 
| 215|0x0000000711f00000, 0x0000000711f00000, 0x0000000712000000|  0%| F|  |TAMS 0x0000000711f00000, 0x0000000711f00000| Untracked 
| 216|0x0000000712000000, 0x0000000712000000, 0x0000000712100000|  0%| F|  |TAMS 0x0000000712000000, 0x0000000712000000| Untracked 
| 217|0x0000000712100000, 0x0000000712100000, 0x0000000712200000|  0%| F|  |TAMS 0x0000000712100000, 0x0000000712100000| Untracked 
| 218|0x0000000712200000, 0x0000000712200000, 0x0000000712300000|  0%| F|  |TAMS 0x0000000712200000, 0x0000000712200000| Untracked 
| 219|0x0000000712300000, 0x0000000712300000, 0x0000000712400000|  0%| F|  |TAMS 0x0000000712300000, 0x0000000712300000| Untracked 
| 220|0x0000000712400000, 0x0000000712400000, 0x0000000712500000|  0%| F|  |TAMS 0x0000000712400000, 0x0000000712400000| Untracked 
| 221|0x0000000712500000, 0x0000000712500000, 0x0000000712600000|  0%| F|  |TAMS 0x0000000712500000, 0x0000000712500000| Untracked 
| 222|0x0000000712600000, 0x0000000712600000, 0x0000000712700000|  0%| F|  |TAMS 0x0000000712600000, 0x0000000712600000| Untracked 
| 223|0x0000000712700000, 0x0000000712700000, 0x0000000712800000|  0%| F|  |TAMS 0x0000000712700000, 0x0000000712700000| Untracked 
| 224|0x0000000712800000, 0x0000000712800000, 0x0000000712900000|  0%| F|  |TAMS 0x0000000712800000, 0x0000000712800000| Untracked 
| 225|0x0000000712900000, 0x0000000712900000, 0x0000000712a00000|  0%| F|  |TAMS 0x0000000712900000, 0x0000000712900000| Untracked 
| 226|0x0000000712a00000, 0x0000000712a00000, 0x0000000712b00000|  0%| F|  |TAMS 0x0000000712a00000, 0x0000000712a00000| Untracked 
| 227|0x0000000712b00000, 0x0000000712b00000, 0x0000000712c00000|  0%| F|  |TAMS 0x0000000712b00000, 0x0000000712b00000| Untracked 
| 228|0x0000000712c00000, 0x0000000712c00000, 0x0000000712d00000|  0%| F|  |TAMS 0x0000000712c00000, 0x0000000712c00000| Untracked 
| 229|0x0000000712d00000, 0x0000000712d00000, 0x0000000712e00000|  0%| F|  |TAMS 0x0000000712d00000, 0x0000000712d00000| Untracked 
| 230|0x0000000712e00000, 0x0000000712e00000, 0x0000000712f00000|  0%| F|  |TAMS 0x0000000712e00000, 0x0000000712e00000| Untracked 
| 231|0x0000000712f00000, 0x0000000712f00000, 0x0000000713000000|  0%| F|  |TAMS 0x0000000712f00000, 0x0000000712f00000| Untracked 
| 232|0x0000000713000000, 0x0000000713000000, 0x0000000713100000|  0%| F|  |TAMS 0x0000000713000000, 0x0000000713000000| Untracked 
| 233|0x0000000713100000, 0x0000000713100000, 0x0000000713200000|  0%| F|  |TAMS 0x0000000713100000, 0x0000000713100000| Untracked 
| 234|0x0000000713200000, 0x0000000713200000, 0x0000000713300000|  0%| F|  |TAMS 0x0000000713200000, 0x0000000713200000| Untracked 
| 235|0x0000000713300000, 0x0000000713300000, 0x0000000713400000|  0%| F|  |TAMS 0x0000000713300000, 0x0000000713300000| Untracked 
| 236|0x0000000713400000, 0x0000000713400000, 0x0000000713500000|  0%| F|  |TAMS 0x0000000713400000, 0x0000000713400000| Untracked 
| 237|0x0000000713500000, 0x0000000713500000, 0x0000000713600000|  0%| F|  |TAMS 0x0000000713500000, 0x0000000713500000| Untracked 
| 238|0x0000000713600000, 0x0000000713600000, 0x0000000713700000|  0%| F|  |TAMS 0x0000000713600000, 0x0000000713600000| Untracked 
| 239|0x0000000713700000, 0x0000000713700000, 0x0000000713800000|  0%| F|  |TAMS 0x0000000713700000, 0x0000000713700000| Untracked 
| 240|0x0000000713800000, 0x0000000713880800, 0x0000000713900000| 50%| E|  |TAMS 0x0000000713800000, 0x0000000713800000| Complete 
| 241|0x0000000713900000, 0x0000000713a00000, 0x0000000713a00000|100%| E|CS|TAMS 0x0000000713900000, 0x0000000713900000| Complete 
| 242|0x0000000713a00000, 0x0000000713b00000, 0x0000000713b00000|100%| E|CS|TAMS 0x0000000713a00000, 0x0000000713a00000| Complete 
| 243|0x0000000713b00000, 0x0000000713c00000, 0x0000000713c00000|100%| E|CS|TAMS 0x0000000713b00000, 0x0000000713b00000| Complete 
| 244|0x0000000713c00000, 0x0000000713d00000, 0x0000000713d00000|100%| E|CS|TAMS 0x0000000713c00000, 0x0000000713c00000| Complete 
| 245|0x0000000713d00000, 0x0000000713e00000, 0x0000000713e00000|100%| E|CS|TAMS 0x0000000713d00000, 0x0000000713d00000| Complete 
| 246|0x0000000713e00000, 0x0000000713f00000, 0x0000000713f00000|100%| E|CS|TAMS 0x0000000713e00000, 0x0000000713e00000| Complete 
| 247|0x0000000713f00000, 0x0000000714000000, 0x0000000714000000|100%| E|CS|TAMS 0x0000000713f00000, 0x0000000713f00000| Complete 
| 248|0x0000000714000000, 0x0000000714100000, 0x0000000714100000|100%| E|CS|TAMS 0x0000000714000000, 0x0000000714000000| Complete 
| 249|0x0000000714100000, 0x0000000714200000, 0x0000000714200000|100%| E|CS|TAMS 0x0000000714100000, 0x0000000714100000| Complete 
| 250|0x0000000714200000, 0x0000000714300000, 0x0000000714300000|100%| E|CS|TAMS 0x0000000714200000, 0x0000000714200000| Complete 
| 251|0x0000000714300000, 0x0000000714400000, 0x0000000714400000|100%| E|CS|TAMS 0x0000000714300000, 0x0000000714300000| Complete 

Card table byte_map: [0x0000022fe7da0000,0x0000022fe8580000] _byte_map_base: 0x0000022fe457c000

Marking Bits (Prev, Next): (CMBitMap*) 0x0000022fcf9588b8, (CMBitMap*) 0x0000022fcf9588f0
 Prev Bits: [0x0000022fe8d60000, 0x0000022fecc40000)
 Next Bits: [0x0000022fecc40000, 0x0000022ff0b20000)

Polling page: 0x0000022fcd860000

Metaspace:

Usage:
  Non-class:     15.40 MB capacity,    15.24 MB ( 99%) used,   143.17 KB ( <1%) free+waste,    20.81 KB ( <1%) overhead. 
      Class:      1.69 MB capacity,     1.61 MB ( 95%) used,    72.25 KB (  4%) free+waste,     8.75 KB ( <1%) overhead. 
       Both:     17.09 MB capacity,    16.85 MB ( 99%) used,   215.42 KB (  1%) free+waste,    29.56 KB ( <1%) overhead. 

Virtual space:
  Non-class space:       16.00 MB reserved,      15.50 MB ( 97%) committed 
      Class space:        1.00 GB reserved,       1.75 MB ( <1%) committed 
             Both:        1.02 GB reserved,      17.25 MB (  2%) committed 

Chunk freelists:
   Non-Class:  38.00 KB
       Class:  31.00 KB
        Both:  69.00 KB

MaxMetaspaceSize: 17179869184.00 GB
CompressedClassSpaceSize: 1.00 GB
Initial GC threshold: 20.80 MB
Current GC threshold: 20.80 MB
CDS: off

CodeHeap 'non-profiled nmethods': size=120000Kb used=940Kb max_used=940Kb free=119059Kb
 bounds [0x0000022fdfb40000, 0x0000022fdfdb0000, 0x0000022fe7070000]
CodeHeap 'profiled nmethods': size=120000Kb used=3109Kb max_used=3109Kb free=116890Kb
 bounds [0x0000022fd8610000, 0x0000022fd8920000, 0x0000022fdfb40000]
CodeHeap 'non-nmethods': size=5760Kb used=1295Kb max_used=1323Kb free=4464Kb
 bounds [0x0000022fd8070000, 0x0000022fd82e0000, 0x0000022fd8610000]
 total_blobs=2284 nmethods=1691 adapters=506
 compilation: enabled
              stopped_count=0, restarted_count=0
 full_count=0

Compilation events (20 events):
Event: 4840.665 Thread 0x0000022ff41be000 1680       3       org.lwjgl.opengl.WindowsDisplay::wasResized (16 bytes)
Event: 4840.691 Thread 0x0000022ff41be000 nmethod 1680 0x0000022fd8916190 code [0x0000022fd8916340, 0x0000022fd8916498]
Event: 4840.850 Thread 0x0000022ff41be000 1681   !   3       org.lwjgl.opengl.Display::update (154 bytes)
Event: 4840.857 Thread 0x0000022ff41bd000 1682       4       org.lwjgl.opengl.WindowsDisplay::isVisible (13 bytes)
Event: 4840.878 Thread 0x0000022ff41be000 nmethod 1681 0x0000022fd8916510 code [0x0000022fd8916800, 0x0000022fd8917878]
Event: 4840.895 Thread 0x0000022ff41bd000 nmethod 1682 0x0000022fdfc28690 code [0x0000022fdfc28820, 0x0000022fdfc28898]
Event: 4840.895 Thread 0x0000022ff41bd000 1683       4       org.lwjgl.opengl.DrawableGL::swapBuffers (4 bytes)
Event: 4840.949 Thread 0x0000022ff41bd000 nmethod 1683 0x0000022fdfc28990 code [0x0000022fdfc28ba0, 0x0000022fdfc29760]
Event: 5014.621 Thread 0x0000022ff41bd000 1684   !   4       org.lwjgl.opengl.Display::swapBuffers (55 bytes)
Event: 5014.629 Thread 0x0000022ff41bd000 nmethod 1684 0x0000022fdfc29c90 code [0x0000022fdfc29e60, 0x0000022fdfc2a1c8]
Event: 5124.446 Thread 0x0000022ff41bd000 1685   !   4       org.lwjgl.input.Mouse::isGrabbed (17 bytes)
Event: 5124.449 Thread 0x0000022ff41bd000 nmethod 1685 0x0000022fdfc2a310 code [0x0000022fdfc2a4c0, 0x0000022fdfc2a6f8]
Event: 5125.886 Thread 0x0000022ff41be000 1686       3       jdk.internal.misc.Unsafe::pickPos (14 bytes)
Event: 5125.897 Thread 0x0000022ff41be000 nmethod 1686 0x0000022fd8917e90 code [0x0000022fd8918040, 0x0000022fd8918138]
Event: 5126.283 Thread 0x0000022ff41be000 1687       3       jdk.internal.misc.Unsafe::pick (12 bytes)
Event: 5126.283 Thread 0x0000022ff41be000 nmethod 1687 0x0000022fd8918210 code [0x0000022fd89183c0, 0x0000022fd89184b8]
Event: 5127.080 Thread 0x0000022ff41be000 1689       3       java.nio.HeapByteBuffer::byteOffset (7 bytes)
Event: 5127.081 Thread 0x0000022ff41be000 nmethod 1689 0x0000022fd8918590 code [0x0000022fd8918740, 0x0000022fd8918838]
Event: 5129.740 Thread 0x0000022ff41be000 1691       3       jdk.internal.loader.URLClassPath$JarLoader$2::getBytes (48 bytes)
Event: 5129.745 Thread 0x0000022ff41be000 nmethod 1691 0x0000022fd8918910 code [0x0000022fd8918b20, 0x0000022fd8919288]

GC Heap History (20 events):
Event: 1.084 GC heap before
{Heap before GC invocations=0 (full 0):
 garbage-first heap   total 258048K, used 23552K [0x0000000704800000, 0x0000000800000000)
  region size 1024K, 24 young (24576K), 0 survivors (0K)
 Metaspace       used 16345K, capacity 16578K, committed 16768K, reserved 1064960K
  class space    used 1579K, capacity 1627K, committed 1664K, reserved 1048576K
}
Event: 1.088 GC heap after
{Heap after GC invocations=1 (full 0):
 garbage-first heap   total 258048K, used 4333K [0x0000000704800000, 0x0000000800000000)
  region size 1024K, 3 young (3072K), 3 survivors (3072K)
 Metaspace       used 16345K, capacity 16578K, committed 16768K, reserved 1064960K
  class space    used 1579K, capacity 1627K, committed 1664K, reserved 1048576K
}
Event: 46.590 GC heap before
{Heap before GC invocations=1 (full 0):
 garbage-first heap   total 258048K, used 155885K [0x0000000704800000, 0x0000000800000000)
  region size 1024K, 151 young (154624K), 3 survivors (3072K)
 Metaspace       used 17177K, capacity 17402K, committed 17664K, reserved 1064960K
  class space    used 1644K, capacity 1697K, committed 1792K, reserved 1048576K
}
Event: 46.596 GC heap after
{Heap after GC invocations=2 (full 0):
 garbage-first heap   total 258048K, used 8372K [0x0000000704800000, 0x0000000800000000)
  region size 1024K, 7 young (7168K), 7 survivors (7168K)
 Metaspace       used 17177K, capacity 17402K, committed 17664K, reserved 1064960K
  class space    used 1644K, capacity 1697K, committed 1792K, reserved 1048576K
}
Event: 132.877 GC heap before
{Heap before GC invocations=2 (full 0):
 garbage-first heap   total 258048K, used 155828K [0x0000000704800000, 0x0000000800000000)
  region size 1024K, 151 young (154624K), 7 survivors (7168K)
 Metaspace       used 17208K, capacity 17434K, committed 17664K, reserved 1064960K
  class space    used 1645K, capacity 1729K, committed 1792K, reserved 1048576K
}
Event: 132.885 GC heap after
{Heap after GC invocations=3 (full 0):
 garbage-first heap   total 258048K, used 12682K [0x0000000704800000, 0x0000000800000000)
  region size 1024K, 12 young (12288K), 12 survivors (12288K)
 Metaspace       used 17208K, capacity 17434K, committed 17664K, reserved 1064960K
  class space    used 1645K, capacity 1729K, committed 1792K, reserved 1048576K
}
Event: 290.327 GC heap before
{Heap before GC invocations=3 (full 0):
 garbage-first heap   total 258048K, used 155018K [0x0000000704800000, 0x0000000800000000)
  region size 1024K, 151 young (154624K), 12 survivors (12288K)
 Metaspace       used 17238K, capacity 17499K, committed 17664K, reserved 1064960K
  class space    used 1646K, capacity 1729K, committed 1792K, reserved 1048576K
}
Event: 290.335 GC heap after
{Heap after GC invocations=4 (full 0):
 garbage-first heap   total 258048K, used 16616K [0x0000000704800000, 0x0000000800000000)
  region size 1024K, 12 young (12288K), 12 survivors (12288K)
 Metaspace       used 17238K, capacity 17499K, committed 17664K, reserved 1064960K
  class space    used 1646K, capacity 1729K, committed 1792K, reserved 1048576K
}
Event: 510.911 GC heap before
{Heap before GC invocations=4 (full 0):
 garbage-first heap   total 258048K, used 158952K [0x0000000704800000, 0x0000000800000000)
  region size 1024K, 151 young (154624K), 12 survivors (12288K)
 Metaspace       used 17239K, capacity 17499K, committed 17664K, reserved 1064960K
  class space    used 1646K, capacity 1729K, committed 1792K, reserved 1048576K
}
Event: 510.921 GC heap after
{Heap after GC invocations=5 (full 0):
 garbage-first heap   total 258048K, used 21715K [0x0000000704800000, 0x0000000800000000)
  region size 1024K, 13 young (13312K), 13 survivors (13312K)
 Metaspace       used 17239K, capacity 17499K, committed 17664K, reserved 1064960K
  class space    used 1646K, capacity 1729K, committed 1792K, reserved 1048576K
}
Event: 788.314 GC heap before
{Heap before GC invocations=5 (full 0):
 garbage-first heap   total 258048K, used 164051K [0x0000000704800000, 0x0000000800000000)
  region size 1024K, 151 young (154624K), 13 survivors (13312K)
 Metaspace       used 17239K, capacity 17499K, committed 17664K, reserved 1064960K
  class space    used 1646K, capacity 1729K, committed 1792K, reserved 1048576K
}
Event: 788.323 GC heap after
{Heap after GC invocations=6 (full 0):
 garbage-first heap   total 258048K, used 25386K [0x0000000704800000, 0x0000000800000000)
  region size 1024K, 12 young (12288K), 12 survivors (12288K)
 Metaspace       used 17239K, capacity 17499K, committed 17664K, reserved 1064960K
  class space    used 1646K, capacity 1729K, committed 1792K, reserved 1048576K
}
Event: 3275.465 GC heap before
{Heap before GC invocations=6 (full 0):
 garbage-first heap   total 258048K, used 167722K [0x0000000704800000, 0x0000000800000000)
  region size 1024K, 151 young (154624K), 12 survivors (12288K)
 Metaspace       used 17239K, capacity 17499K, committed 17664K, reserved 1064960K
  class space    used 1646K, capacity 1729K, committed 1792K, reserved 1048576K
}
Event: 3275.494 GC heap after
{Heap after GC invocations=7 (full 0):
 garbage-first heap   total 258048K, used 29029K [0x0000000704800000, 0x0000000800000000)
  region size 1024K, 12 young (12288K), 12 survivors (12288K)
 Metaspace       used 17239K, capacity 17499K, committed 17664K, reserved 1064960K
  class space    used 1646K, capacity 1729K, committed 1792K, reserved 1048576K
}
Event: 3724.175 GC heap before
{Heap before GC invocations=7 (full 0):
 garbage-first heap   total 258048K, used 171365K [0x0000000704800000, 0x0000000800000000)
  region size 1024K, 151 young (154624K), 12 survivors (12288K)
 Metaspace       used 17239K, capacity 17499K, committed 17664K, reserved 1064960K
  class space    used 1646K, capacity 1729K, committed 1792K, reserved 1048576K
}
Event: 3724.187 GC heap after
{Heap after GC invocations=8 (full 0):
 garbage-first heap   total 258048K, used 33302K [0x0000000704800000, 0x0000000800000000)
  region size 1024K, 12 young (12288K), 12 survivors (12288K)
 Metaspace       used 17239K, capacity 17499K, committed 17664K, reserved 1064960K
  class space    used 1646K, capacity 1729K, committed 1792K, reserved 1048576K
}
Event: 4224.715 GC heap before
{Heap before GC invocations=8 (full 0):
 garbage-first heap   total 258048K, used 177686K [0x0000000704800000, 0x0000000800000000)
  region size 1024K, 151 young (154624K), 12 survivors (12288K)
 Metaspace       used 17239K, capacity 17499K, committed 17664K, reserved 1064960K
  class space    used 1646K, capacity 1729K, committed 1792K, reserved 1048576K
}
Event: 4224.730 GC heap after
{Heap after GC invocations=9 (full 0):
 garbage-first heap   total 258048K, used 39089K [0x0000000704800000, 0x0000000800000000)
  region size 1024K, 12 young (12288K), 12 survivors (12288K)
 Metaspace       used 17239K, capacity 17499K, committed 17664K, reserved 1064960K
  class space    used 1646K, capacity 1729K, committed 1792K, reserved 1048576K
}
Event: 5094.113 GC heap before
{Heap before GC invocations=9 (full 0):
 garbage-first heap   total 258048K, used 181425K [0x0000000704800000, 0x0000000800000000)
  region size 1024K, 151 young (154624K), 12 survivors (12288K)
 Metaspace       used 17239K, capacity 17499K, committed 17664K, reserved 1064960K
  class space    used 1646K, capacity 1729K, committed 1792K, reserved 1048576K
}
Event: 5094.151 GC heap after
{Heap after GC invocations=10 (full 0):
 garbage-first heap   total 258048K, used 42705K [0x0000000704800000, 0x0000000800000000)
  region size 1024K, 12 young (12288K), 12 survivors (12288K)
 Metaspace       used 17239K, capacity 17499K, committed 17664K, reserved 1064960K
  class space    used 1646K, capacity 1729K, committed 1792K, reserved 1048576K
}

Deoptimization events (20 events):
Event: 515.820 Thread 0x0000022ff47f9800 DEOPT PACKING pc=0x0000022fd88fd556 sp=0x000000afa43ff2c0
Event: 515.821 Thread 0x0000022ff47f9800 DEOPT UNPACKING pc=0x0000022fd80ba95e sp=0x000000afa43fe758 mode 0
Event: 738.977 Thread 0x0000022ff47f9800 DEOPT PACKING pc=0x0000022fd88fcce2 sp=0x000000afa43ff270
Event: 738.977 Thread 0x0000022ff47f9800 DEOPT UNPACKING pc=0x0000022fd80ba95e sp=0x000000afa43fe740 mode 0
Event: 4813.155 Thread 0x0000022ff47f9800 Uncommon trap: trap_request=0xffffff4d fr.pc=0x0000022fdfc058a4 relative=0x0000000000000c44
Event: 4813.160 Thread 0x0000022ff47f9800 Uncommon trap: reason=unstable_if action=reinterpret pc=0x0000022fdfc058a4 method=org.lwjgl.opengl.WindowsDisplay.wasResized()Z @ 4 c2
Event: 4813.162 Thread 0x0000022ff47f9800 DEOPT PACKING pc=0x0000022fdfc058a4 sp=0x000000afa43ff530
Event: 4813.165 Thread 0x0000022ff47f9800 DEOPT UNPACKING pc=0x0000022fd80ba1af sp=0x000000afa43ff4a8 mode 2
Event: 5129.758 Thread 0x0000022ff47f9800 Uncommon trap: trap_request=0xffffff4d fr.pc=0x0000022fdfc17b1c relative=0x000000000000077c
Event: 5129.759 Thread 0x0000022ff47f9800 Uncommon trap: reason=unstable_if action=reinterpret pc=0x0000022fdfc17b1c method=com.badlogic.gdx.backends.lwjgl.LwjglApplication.executeRunnables()Z @ 93 c2
Event: 5129.759 Thread 0x0000022ff47f9800 DEOPT PACKING pc=0x0000022fdfc17b1c sp=0x000000afa43ff540
Event: 5129.759 Thread 0x0000022ff47f9800 DEOPT UNPACKING pc=0x0000022fd80ba1af sp=0x000000afa43ff518 mode 2
Event: 5129.808 Thread 0x0000022ff47f9800 Uncommon trap: trap_request=0xffffffde fr.pc=0x0000022fdfbe9cd0 relative=0x0000000000000110
Event: 5129.808 Thread 0x0000022ff47f9800 Uncommon trap: reason=class_check action=maybe_recompile pc=0x0000022fdfbe9cd0 method=com.badlogic.gdx.utils.ObjectMap.get(Ljava/lang/Object;)Ljava/lang/Object; @ 1 c2
Event: 5129.808 Thread 0x0000022ff47f9800 DEOPT PACKING pc=0x0000022fdfbe9cd0 sp=0x000000afa43ff3e0
Event: 5129.811 Thread 0x0000022ff47f9800 DEOPT UNPACKING pc=0x0000022fd80ba1af sp=0x000000afa43ff390 mode 2
Event: 5129.811 Thread 0x0000022ff47f9800 Uncommon trap: trap_request=0xffffffde fr.pc=0x0000022fdfbe9cd0 relative=0x0000000000000110
Event: 5129.811 Thread 0x0000022ff47f9800 Uncommon trap: reason=class_check action=maybe_recompile pc=0x0000022fdfbe9cd0 method=com.badlogic.gdx.utils.ObjectMap.get(Ljava/lang/Object;)Ljava/lang/Object; @ 1 c2
Event: 5129.811 Thread 0x0000022ff47f9800 DEOPT PACKING pc=0x0000022fdfbe9cd0 sp=0x000000afa43ff3e0
Event: 5129.811 Thread 0x0000022ff47f9800 DEOPT UNPACKING pc=0x0000022fd80ba1af sp=0x000000afa43ff390 mode 2

Classes redefined (0 events):
No events

Internal exceptions (13 events):
Event: 0.179 Thread 0x0000022fcf8f2000 Exception <a 'java/lang/NoSuchMethodError'{0x0000000713fd4c30}: 'java.lang.Object java.lang.invoke.DirectMethodHandle$Holder.invokeStaticInit(java.lang.Object, int, int, int, int)'> (0x0000000713fd4c30) thrown at [s\src\hotspot\share\interpreter\linkResolver.cpp, line 773]
Event: 0.325 Thread 0x0000022fcf8f2000 Exception <a 'java/lang/NoSuchMethodError'{0x0000000713e765c8}: 'java.lang.Object java.lang.invoke.DirectMethodHandle$Holder.invokeStaticInit(java.lang.Object, java.lang.Object, int, int, int, int)'> (0x0000000713e765c8) thrown at [s\src\hotspot\share\interpreter\linkResolver.cpp, line 773]
Event: 0.344 Thread 0x0000022fcf8f2000 Exception <a 'java/security/PrivilegedActionException'{0x0000000713eec5a8}> (0x0000000713eec5a8) thrown at [s\src\hotspot\share\prims\jvm.cpp, line 1306]
Event: 0.344 Thread 0x0000022fcf8f2000 Exception <a 'java/security/PrivilegedActionException'{0x0000000713eeed88}> (0x0000000713eeed88) thrown at [s\src\hotspot\share\prims\jvm.cpp, line 1306]
Event: 0.344 Thread 0x0000022fcf8f2000 Exception <a 'java/security/PrivilegedActionException'{0x0000000713eefd40}> (0x0000000713eefd40) thrown at [s\src\hotspot\share\prims\jvm.cpp, line 1306]
Event: 0.346 Thread 0x0000022fcf8f2000 Exception <a 'java/security/PrivilegedActionException'{0x0000000713d011c8}> (0x0000000713d011c8) thrown at [s\src\hotspot\share\prims\jvm.cpp, line 1306]
Event: 0.346 Thread 0x0000022fcf8f2000 Exception <a 'java/security/PrivilegedActionException'{0x0000000713d01d88}> (0x0000000713d01d88) thrown at [s\src\hotspot\share\prims\jvm.cpp, line 1306]
Event: 0.346 Thread 0x0000022fcf8f2000 Exception <a 'java/security/PrivilegedActionException'{0x0000000713d02908}> (0x0000000713d02908) thrown at [s\src\hotspot\share\prims\jvm.cpp, line 1306]
Event: 1.012 Thread 0x0000022ff47f9800 Exception <a 'java/lang/NoSuchMethodError'{0x0000000712f298f0}: 'void java.lang.invoke.DirectMethodHandle$Holder.invokeSpecial(java.lang.Object, java.lang.Object)'> (0x0000000712f298f0) thrown at [s\src\hotspot\share\interpreter\linkResolver.cpp, line 773]
Event: 1.012 Thread 0x0000022ff47f9800 Exception <a 'java/lang/NoSuchMethodError'{0x0000000712f2c420}: 'void java.lang.invoke.Invokers$Holder.invoke_MT(java.lang.Object, java.lang.Object)'> (0x0000000712f2c420) thrown at [s\src\hotspot\share\interpreter\linkResolver.cpp, line 773]
Event: 1.058 Thread 0x0000022ff47f9800 Exception <a 'java/lang/NoSuchMethodError'{0x0000000712c03b40}: 'java.lang.Object java.lang.invoke.DirectMethodHandle$Holder.invokeStatic(java.lang.Object, java.lang.Object, int, java.lang.Object)'> (0x0000000712c03b40) thrown at [s\src\hotspot\share\interpreter\linkResolver.cpp, line 773]
Event: 1.061 Thread 0x0000022ff47f9800 Exception <a 'java/lang/NoSuchMethodError'{0x0000000712c0ba80}: 'java.lang.Object java.lang.invoke.Invokers$Holder.linkToTargetMethod(java.lang.Object, int, java.lang.Object)'> (0x0000000712c0ba80) thrown at [s\src\hotspot\share\interpreter\linkResolver.cpp, line 773]
Event: 1.101 Thread 0x0000022ff47f9800 Exception <a 'java/lang/NoSuchMethodError'{0x0000000714209008}: 'void java.lang.invoke.DirectMethodHandle$Holder.invokeStatic(java.lang.Object, java.lang.Object, int)'> (0x0000000714209008) thrown at [s\src\hotspot\share\interpreter\linkResolver.cpp, line 773]

Events (20 events):
Event: 3275.494 Executing VM operation: G1CollectForAllocation done
Event: 3724.174 Executing VM operation: G1CollectForAllocation
Event: 3724.187 Executing VM operation: G1CollectForAllocation done
Event: 4224.715 Executing VM operation: G1CollectForAllocation
Event: 4224.730 Executing VM operation: G1CollectForAllocation done
Event: 5094.110 Executing VM operation: G1CollectForAllocation
Event: 5094.152 Executing VM operation: G1CollectForAllocation done
Event: 5129.718 loading class com/badlogic/gdx/backends/lwjgl/LwjglApplication$2
Event: 5129.718 loading class com/badlogic/gdx/backends/lwjgl/LwjglApplication$2 done
Event: 5129.768 loading class ch/hevs/gdx2d/lib/physics/PhysicsWorld
Event: 5129.768 loading class ch/hevs/gdx2d/lib/physics/PhysicsWorld done
Event: 5134.687 loading class jdk/internal/misc/Signal$1
Event: 5134.691 loading class jdk/internal/misc/Signal$1 done
Event: 5134.694 Thread 0x0000022ff4dc0800 Thread added: 0x0000022ff4dc0800
Event: 5134.697 Executing VM operation: RevokeBias
Event: 5134.697 Executing VM operation: RevokeBias done
Event: 5134.699 Thread 0x0000022ff6128800 Thread added: 0x0000022ff6128800
Event: 5134.722 Thread 0x0000022ff6128800 Thread exited: 0x0000022ff6128800
Event: 5134.725 Thread 0x0000022ff38c8000 Thread exited: 0x0000022ff38c8000
Event: 5134.725 Executing VM operation: Exit


Dynamic libraries:
0x00007ff6693d0000 - 0x00007ff6693dd000 	C:\Program Files\Microsoft\jdk-11.0.20.8-hotspot\bin\java.exe
0x00007ff85e5d0000 - 0x00007ff85e7c8000 	C:\WINDOWS\SYSTEM32\ntdll.dll
0x00007ff85dc70000 - 0x00007ff85dd2d000 	C:\WINDOWS\System32\KERNEL32.DLL
0x00007ff85c120000 - 0x00007ff85c416000 	C:\WINDOWS\System32\KERNELBASE.dll
0x00007ff85c4b0000 - 0x00007ff85c5b0000 	C:\WINDOWS\System32\ucrtbase.dll
0x00007ff843c10000 - 0x00007ff843c27000 	C:\Program Files\Microsoft\jdk-11.0.20.8-hotspot\bin\jli.dll
0x00007ff843740000 - 0x00007ff843755000 	C:\Program Files\Microsoft\jdk-11.0.20.8-hotspot\bin\VCRUNTIME140.dll
0x00007ff85d330000 - 0x00007ff85d4cf000 	C:\WINDOWS\System32\USER32.dll
0x00007ff85bf90000 - 0x00007ff85bfb2000 	C:\WINDOWS\System32\win32u.dll
0x00007ff83e0d0000 - 0x00007ff83e36a000 	C:\WINDOWS\WinSxS\amd64_microsoft.windows.common-controls_6595b64144ccf1df_6.0.19041.4355_none_60b8b9eb71f62e16\COMCTL32.dll
0x00007ff85e550000 - 0x00007ff85e57b000 	C:\WINDOWS\System32\GDI32.dll
0x00007ff85d4e0000 - 0x00007ff85d57e000 	C:\WINDOWS\System32\msvcrt.dll
0x00007ff85bc80000 - 0x00007ff85bd97000 	C:\WINDOWS\System32\gdi32full.dll
0x00007ff85bef0000 - 0x00007ff85bf8d000 	C:\WINDOWS\System32\msvcp_win.dll
0x00007ff85d8f0000 - 0x00007ff85d922000 	C:\WINDOWS\System32\IMM32.DLL
0x00007ff813a60000 - 0x00007ff813afb000 	C:\Program Files\Microsoft\jdk-11.0.20.8-hotspot\bin\msvcp140.dll
0x00007ff8047f0000 - 0x00007ff805386000 	C:\Program Files\Microsoft\jdk-11.0.20.8-hotspot\bin\server\jvm.dll
0x00007ff85dd30000 - 0x00007ff85dde0000 	C:\WINDOWS\System32\ADVAPI32.dll
0x00007ff85d580000 - 0x00007ff85d620000 	C:\WINDOWS\System32\sechost.dll
0x00007ff85c600000 - 0x00007ff85c723000 	C:\WINDOWS\System32\RPCRT4.dll
0x00007ff85bda0000 - 0x00007ff85bdc7000 	C:\WINDOWS\System32\bcrypt.dll
0x00007ff85e580000 - 0x00007ff85e588000 	C:\WINDOWS\System32\PSAPI.DLL
0x00007ff855560000 - 0x00007ff855569000 	C:\WINDOWS\SYSTEM32\WSOCK32.dll
0x00007ff850ab0000 - 0x00007ff850ad7000 	C:\WINDOWS\SYSTEM32\WINMM.dll
0x00007ff85d620000 - 0x00007ff85d68b000 	C:\WINDOWS\System32\WS2_32.dll
0x00007ff8496b0000 - 0x00007ff8496ba000 	C:\WINDOWS\SYSTEM32\VERSION.dll
0x00007ff859ca0000 - 0x00007ff859cb2000 	C:\WINDOWS\SYSTEM32\kernel.appcore.dll
0x00007ff8502f0000 - 0x00007ff850300000 	C:\Program Files\Microsoft\jdk-11.0.20.8-hotspot\bin\verify.dll
0x00007ff859380000 - 0x00007ff859564000 	C:\WINDOWS\SYSTEM32\DBGHELP.DLL
0x00007ff83f780000 - 0x00007ff83f7b4000 	C:\WINDOWS\SYSTEM32\dbgcore.DLL
0x00007ff85c420000 - 0x00007ff85c4a2000 	C:\WINDOWS\System32\bcryptPrimitives.dll
0x00007ff8423b0000 - 0x00007ff8423d8000 	C:\Program Files\Microsoft\jdk-11.0.20.8-hotspot\bin\java.dll
0x00007ff848d40000 - 0x00007ff848d4a000 	C:\Program Files\Microsoft\jdk-11.0.20.8-hotspot\bin\jimage.dll
0x00007ff855070000 - 0x00007ff85507e000 	C:\Program Files\Microsoft\jdk-11.0.20.8-hotspot\bin\instrument.dll
0x00007ff843390000 - 0x00007ff8433a8000 	C:\Program Files\Microsoft\jdk-11.0.20.8-hotspot\bin\zip.dll
0x00007ff85dde0000 - 0x00007ff85e54b000 	C:\WINDOWS\System32\SHELL32.dll
0x00007ff859cd0000 - 0x00007ff85a46d000 	C:\WINDOWS\SYSTEM32\windows.storage.dll
0x00007ff85cfb0000 - 0x00007ff85d303000 	C:\WINDOWS\System32\combase.dll
0x00007ff85b630000 - 0x00007ff85b65e000 	C:\WINDOWS\SYSTEM32\Wldp.dll
0x00007ff85dac0000 - 0x00007ff85db8d000 	C:\WINDOWS\System32\OLEAUT32.dll
0x00007ff85d690000 - 0x00007ff85d73d000 	C:\WINDOWS\System32\SHCORE.dll
0x00007ff85cef0000 - 0x00007ff85cf45000 	C:\WINDOWS\System32\shlwapi.dll
0x00007ff85bbb0000 - 0x00007ff85bbd4000 	C:\WINDOWS\SYSTEM32\profapi.dll
0x00007ff842aa0000 - 0x00007ff842ab9000 	C:\Program Files\Microsoft\jdk-11.0.20.8-hotspot\bin\net.dll
0x00007ff855ae0000 - 0x00007ff855bea000 	C:\WINDOWS\SYSTEM32\WINHTTP.dll
0x00007ff85b390000 - 0x00007ff85b3fa000 	C:\WINDOWS\system32\mswsock.dll
0x00007ff841900000 - 0x00007ff841913000 	C:\Program Files\Microsoft\jdk-11.0.20.8-hotspot\bin\nio.dll
0x00007ff84f930000 - 0x00007ff84f94a000 	C:\Program Files\JetBrains\IntelliJ IDEA Community Edition 2023.2.4\bin\breakgen64.dll
0x0000000065580000 - 0x0000000065616000 	C:\Users\simas\AppData\Local\Temp\libgdxsimas\12dfaa03\gdx64.dll
0x00007ff85b580000 - 0x00007ff85b598000 	C:\WINDOWS\SYSTEM32\CRYPTSP.dll
0x00007ff85ac50000 - 0x00007ff85ac84000 	C:\WINDOWS\system32\rsaenh.dll
0x00007ff85bb20000 - 0x00007ff85bb4e000 	C:\WINDOWS\SYSTEM32\USERENV.dll
0x00007ff85b5a0000 - 0x00007ff85b5ac000 	C:\WINDOWS\SYSTEM32\CRYPTBASE.dll
0x00007ff85b010000 - 0x00007ff85b04b000 	C:\WINDOWS\SYSTEM32\IPHLPAPI.DLL
0x00007ff85c7c0000 - 0x00007ff85c7c8000 	C:\WINDOWS\System32\NSI.dll
0x00007ff853710000 - 0x00007ff853727000 	C:\WINDOWS\SYSTEM32\dhcpcsvc6.DLL
0x00007ff852c20000 - 0x00007ff852c3d000 	C:\WINDOWS\SYSTEM32\dhcpcsvc.DLL
0x00007ff85b050000 - 0x00007ff85b11b000 	C:\WINDOWS\SYSTEM32\DNSAPI.dll
0x0000000180000000 - 0x0000000180053000 	C:\Users\simas\AppData\Local\Temp\libgdxsimas\dc0f0009\lwjgl64.dll
0x00007ff836570000 - 0x00007ff836695000 	C:\WINDOWS\SYSTEM32\OPENGL32.dll
0x00007ff8390c0000 - 0x00007ff8390ec000 	C:\WINDOWS\SYSTEM32\GLU32.dll
0x0000022ff5140000 - 0x0000022ff51a4000 	C:\Users\simas\AppData\Local\Temp\libgdxsimas\dc0f0009\OpenAL64.dll
0x00007ff85d990000 - 0x00007ff85dabb000 	C:\WINDOWS\System32\ole32.dll
0x00007ff859200000 - 0x00007ff85929e000 	C:\WINDOWS\system32\uxtheme.dll
0x00007ff85cde0000 - 0x00007ff85ce89000 	C:\WINDOWS\System32\clbcatq.dll
0x00007fffec650000 - 0x00007fffec6ec000 	C:\WINDOWS\SYSTEM32\dsound.dll
0x00007ff85b9b0000 - 0x00007ff85b9fb000 	C:\WINDOWS\SYSTEM32\powrprof.dll
0x00007ff8274f0000 - 0x00007ff827516000 	C:\WINDOWS\SYSTEM32\winmmbase.dll
0x00007ff85b990000 - 0x00007ff85b9a2000 	C:\WINDOWS\SYSTEM32\UMPDC.dll
0x00007ff853680000 - 0x00007ff853705000 	C:\WINDOWS\System32\MMDevApi.dll
0x00007ff85ba00000 - 0x00007ff85ba33000 	C:\WINDOWS\System32\DEVOBJ.dll
0x00007ff85c5b0000 - 0x00007ff85c5fe000 	C:\WINDOWS\System32\cfgmgr32.dll
0x00007ff853df0000 - 0x00007ff853f71000 	C:\WINDOWS\SYSTEM32\AUDIOSES.DLL
0x00007ff859590000 - 0x00007ff8595a4000 	C:\WINDOWS\SYSTEM32\resourcepolicyclient.dll
0x00007ff855950000 - 0x00007ff8559fe000 	C:\WINDOWS\SYSTEM32\mscms.dll
0x00007ff855900000 - 0x00007ff855911000 	C:\WINDOWS\SYSTEM32\ColorAdapterClient.dll
0x00007ff8533e0000 - 0x00007ff853423000 	C:\Windows\System32\Windows.Internal.Graphics.Display.DisplayColorManagement.dll
0x00007ff85ccc0000 - 0x00007ff85cdd4000 	C:\WINDOWS\System32\MSCTF.dll
0x00007ff852b10000 - 0x00007ff852c13000 	C:\Windows\System32\AppXDeploymentClient.dll
0x00007ffffd810000 - 0x00007ffffea79000 	C:\WINDOWS\System32\DriverStore\FileRepository\iigd_dch.inf_amd64_64f1ea0105c67ec6\igxelpicd64.dll
0x00007ff8597b0000 - 0x00007ff8597df000 	C:\WINDOWS\system32\dwmapi.dll
0x00007ff85a4d0000 - 0x00007ff85a5c2000 	C:\WINDOWS\system32\dxgi.dll
0x00007ff806e60000 - 0x00007ff8071ac000 	C:\WINDOWS\System32\DriverStore\FileRepository\iigd_dch.inf_amd64_64f1ea0105c67ec6\igdml64.dll
0x00007ff84fd40000 - 0x00007ff85017e000 	C:\WINDOWS\System32\DriverStore\FileRepository\iigd_dch.inf_amd64_64f1ea0105c67ec6\igdgmm64.dll
0x00007ff84b370000 - 0x00007ff84f3c4000 	C:\WINDOWS\System32\DriverStore\FileRepository\iigd_dch.inf_amd64_64f1ea0105c67ec6\igc64.dll
0x00007ff8433f0000 - 0x00007ff8434e9000 	C:\WINDOWS\SYSTEM32\textinputframework.dll
0x00007ff858df0000 - 0x00007ff858ee2000 	C:\WINDOWS\System32\CoreMessaging.dll
0x00007ff858630000 - 0x00007ff85898b000 	C:\WINDOWS\System32\CoreUIComponents.dll
0x00007ff85ad70000 - 0x00007ff85ada3000 	C:\WINDOWS\SYSTEM32\ntmarta.dll
0x00007ff857650000 - 0x00007ff8577a7000 	C:\WINDOWS\SYSTEM32\wintypes.dll
0x00007ff854eb0000 - 0x00007ff854ef3000 	C:\WINDOWS\SYSTEM32\icm32.dll
0x000000006a740000 - 0x000000006a7f1000 	C:\Users\simas\AppData\Local\Temp\libgdxsimas\a04a55a\gdx-freetype64.dll
0x0000000068900000 - 0x0000000068a54000 	C:\Users\simas\AppData\Local\Temp\libgdxsimas\db0e5263\gdx-controllers-desktop64.dll
0x00007ff848da0000 - 0x00007ff848de5000 	C:\WINDOWS\SYSTEM32\DINPUT8.dll
0x00007ff8428e0000 - 0x00007ff842a32000 	C:\WINDOWS\SYSTEM32\inputhost.dll
0x00007ff857380000 - 0x00007ff857476000 	C:\WINDOWS\SYSTEM32\PROPSYS.dll
0x00007ff85a470000 - 0x00007ff85a47d000 	C:\WINDOWS\SYSTEM32\HID.DLL
0x00007ff85c7d0000 - 0x00007ff85cc3e000 	C:\WINDOWS\System32\SETUPAPI.DLL
0x00007ff85be80000 - 0x00007ff85bee7000 	C:\WINDOWS\System32\WINTRUST.dll
0x00007ff85bfc0000 - 0x00007ff85c11e000 	C:\WINDOWS\System32\CRYPT32.dll
0x00007ff85b7c0000 - 0x00007ff85b7d2000 	C:\WINDOWS\SYSTEM32\MSASN1.dll

dbghelp: loaded successfully - version: 4.0.5 - missing functions: none
symbol engine: initialized successfully - sym options: 0x614 - pdb path: .;C:\Program Files\Microsoft\jdk-11.0.20.8-hotspot\bin;C:\WINDOWS\SYSTEM32;C:\WINDOWS\WinSxS\amd64_microsoft.windows.common-controls_6595b64144ccf1df_6.0.19041.4355_none_60b8b9eb71f62e16;C:\Program Files\Microsoft\jdk-11.0.20.8-hotspot\bin\server;C:\Program Files\JetBrains\IntelliJ IDEA Community Edition 2023.2.4\bin;C:\Users\simas\AppData\Local\Temp\libgdxsimas\12dfaa03;C:\Users\simas\AppData\Local\Temp\libgdxsimas\dc0f0009;C:\WINDOWS\System32\DriverStore\FileRepository\iigd_dch.inf_amd64_64f1ea0105c67ec6;C:\Users\simas\AppData\Local\Temp\libgdxsimas\a04a55a;C:\Users\simas\AppData\Local\Temp\libgdxsimas\db0e5263

VM Arguments:
jvm_args: -javaagent:C:\Program Files\JetBrains\IntelliJ IDEA Community Edition 2023.2.4\lib\idea_rt.jar=65111:C:\Program Files\JetBrains\IntelliJ IDEA Community Edition 2023.2.4\bin -Dfile.encoding=UTF-8 
java_command: Main
java_class_path (initial): C:\Users\simas\Desktop\JeuBOLI\ElBolito\bin;C:\Users\simas\Desktop\JeuBOLI\ElBolito\libs\gdx2d-desktop-1.2.2.jar;C:\Users\simas\.ivy2\cache\org.scala-lang\scala-library\jars\scala-library-2.13.12.jar;C:\Users\simas\.ivy2\cache\org.scala-lang\scala-reflect\jars\scala-reflect-2.13.12.jar
Launcher Type: SUN_STANDARD

[Global flags]
     intx CICompilerCount                          = 4                                         {product} {ergonomic}
     uint ConcGCThreads                            = 3                                         {product} {ergonomic}
     uint G1ConcRefinementThreads                  = 10                                        {product} {ergonomic}
   size_t G1HeapRegionSize                         = 1048576                                   {product} {ergonomic}
    uintx GCDrainStackTargetSize                   = 64                                        {product} {ergonomic}
   size_t InitialHeapSize                          = 264241152                                 {product} {ergonomic}
   size_t MarkStackSize                            = 4194304                                   {product} {ergonomic}
   size_t MaxHeapSize                              = 4219469824                                {product} {ergonomic}
   size_t MaxNewSize                               = 2531262464                                {product} {ergonomic}
   size_t MinHeapDeltaBytes                        = 1048576                                   {product} {ergonomic}
    uintx NonNMethodCodeHeapSize                   = 5836300                                {pd product} {ergonomic}
    uintx NonProfiledCodeHeapSize                  = 122910970                              {pd product} {ergonomic}
    uintx ProfiledCodeHeapSize                     = 122910970                              {pd product} {ergonomic}
    uintx ReservedCodeCacheSize                    = 251658240                              {pd product} {ergonomic}
     bool SegmentedCodeCache                       = true                                      {product} {ergonomic}
     bool UseCompressedClassPointers               = true                                 {lp64_product} {ergonomic}
     bool UseCompressedOops                        = true                                 {lp64_product} {ergonomic}
     bool UseG1GC                                  = true                                      {product} {ergonomic}
     bool UseLargePagesIndividualAllocation        = false                                  {pd product} {ergonomic}

Logging:
Log output configuration:
 #0: stdout all=warning uptime,level,tags
 #1: stderr all=off uptime,level,tags

Environment Variables:
JAVA_HOME=C:\Program Files\Microsoft\jdk-11.0.20.8-hotspot\
PATH=C:\Program Files\Microsoft\jdk-11.0.20.8-hotspot\bin;C:\Program Files (x86)\Common Files\Oracle\Java\javapath;C:\WINDOWS\system32;C:\WINDOWS;C:\WINDOWS\System32\Wbem;C:\WINDOWS\System32\WindowsPowerShell\v1.0\;C:\WINDOWS\System32\OpenSSH\;C:\Program Files\dotnet\;C:\ProgramData\chocolatey\bin;C:\Program Files\nodejs\;C:\Program Files\Git\cmd;C:\Program Files (x86)\scala\bin;C:\Program Files (x86)\Pulse Secure\VC142.CRT\X64\;C:\Program Files (x86)\Pulse Secure\VC142.CRT\X86\;C:\Program Files (x86)\Common Files\Pulse Secure\TNC Client Plugin\;C:\Users\simas\AppData\Local\Microsoft\WindowsApps;C:\Users\simas\AppData\Local\Android\Sdk\platform-tools;C:\Users\simas\AppData\Local\Programs\Microsoft VS Code\bin;C:\Users\simas\AppData\Roaming\npm;C:\Users\simas\AppData\Local\Coursier\data\bin;C:\Users\simas\Documents\mingw64\bin;
USERNAME=simas
OS=Windows_NT
PROCESSOR_IDENTIFIER=Intel64 Family 6 Model 154 Stepping 4, GenuineIntel
TMP=C:\Users\simas\AppData\Local\Temp
TEMP=C:\Users\simas\AppData\Local\Temp



---------------  S Y S T E M  ---------------

OS: Windows 10 , 64 bit Build 19041 (10.0.19041.3636)
OS uptime: 2 days 18:09 hours
Hyper-V role detected

CPU:total 12 (initial active 12) (6 cores per cpu, 2 threads per core) family 6 model 154 stepping 4 microcode 0x41b, cmov, cx8, fxsr, mmx, sse, sse2, sse3, ssse3, sse4.1, sse4.2, popcnt, avx, avx2, aes, clmul, erms, 3dnowpref, lzcnt, ht, tsc, tscinvbit, bmi1, bmi2, adx, sha, fma

Memory: 4k page, system-wide physical 16088M (1420M free)
TotalPageFile size 39919M (AvailPageFile size 7358M)
current process WorkingSet (physical memory assigned to process): 1006M, peak: 5822M
current process commit charge ("private bytes"): 17012M, peak: 19890M

vm_info: OpenJDK 64-Bit Server VM (11.0.20+8-LTS) for windows-amd64 JRE (11.0.20+8-LTS), built on Jul  7 2023 17:05:21 by "MicrosoftCorporation" with MS VC++ 15.9 (VS2017)

END.
